[6.467s] Invoking command in '/home/salma/ros2_sb/src/tf_transformations': DEBUGINFOD_URLS=https://debuginfod.ubuntu.com PYTHONPATH=/home/salma/ros2_sb/build/tf_transformations/prefix_override:/usr/lib/python3/dist-packages/colcon_core/task/python/colcon_distutils_commands:/home/salma/ros2_sb/install/tf_transformations/lib/python3.12/site-packages:${PYTHONPATH} /usr/bin/python3 -W ignore:setup.py install is deprecated -W ignore:easy_install command is deprecated setup.py egg_info --egg-base ../../build/tf_transformations build --build-base /home/salma/ros2_sb/build/tf_transformations/build install --record /home/salma/ros2_sb/build/tf_transformations/install.log --single-version-externally-managed install_data
[7.945s] running egg_info
[8.059s] writing ../../build/tf_transformations/tf_transformations.egg-info/PKG-INFO
[8.060s] writing dependency_links to ../../build/tf_transformations/tf_transformations.egg-info/dependency_links.txt
[8.061s] writing requirements to ../../build/tf_transformations/tf_transformations.egg-info/requires.txt
[8.062s] writing top-level names to ../../build/tf_transformations/tf_transformations.egg-info/top_level.txt
[8.314s] reading manifest file '../../build/tf_transformations/tf_transformations.egg-info/SOURCES.txt'
[8.316s] adding license file 'LICENSE'
[8.319s] writing manifest file '../../build/tf_transformations/tf_transformations.egg-info/SOURCES.txt'
[8.319s] running build
[8.320s] running build_py
[8.321s] running install
[8.350s] running install_lib
[8.475s] running install_data
[8.476s] running install_egg_info
[8.595s] removing '/home/salma/ros2_sb/install/tf_transformations/lib/python3.12/site-packages/tf_transformations-1.1.0-py3.12.egg-info' (and everything under it)
[8.596s] Copying ../../build/tf_transformations/tf_transformations.egg-info to /home/salma/ros2_sb/install/tf_transformations/lib/python3.12/site-packages/tf_transformations-1.1.0-py3.12.egg-info
[8.600s] running install_scripts
[9.361s] writing list of installed files to '/home/salma/ros2_sb/build/tf_transformations/install.log'
[9.475s] Invoked command in '/home/salma/ros2_sb/src/tf_transformations' returned '0': DEBUGINFOD_URLS=https://debuginfod.ubuntu.com PYTHONPATH=/home/salma/ros2_sb/build/tf_transformations/prefix_override:/usr/lib/python3/dist-packages/colcon_core/task/python/colcon_distutils_commands:/home/salma/ros2_sb/install/tf_transformations/lib/python3.12/site-packages:${PYTHONPATH} /usr/bin/python3 -W ignore:setup.py install is deprecated -W ignore:easy_install command is deprecated setup.py egg_info --egg-base ../../build/tf_transformations build --build-base /home/salma/ros2_sb/build/tf_transformations/build install --record /home/salma/ros2_sb/build/tf_transformations/install.log --single-version-externally-managed install_data
