[7.467s] Invoking command in '/home/salma/ros2_sb/src/tf_transformations': DEBUGINFOD_URLS=https://debuginfod.ubuntu.com PYTHONPATH=/home/salma/ros2_sb/build/tf_transformations/prefix_override:/usr/lib/python3/dist-packages/colcon_core/task/python/colcon_distutils_commands:/home/salma/ros2_sb/install/tf_transformations/lib/python3.12/site-packages:${PYTHONPATH} /usr/bin/python3 -W ignore:setup.py install is deprecated -W ignore:easy_install command is deprecated setup.py egg_info --egg-base ../../build/tf_transformations build --build-base /home/salma/ros2_sb/build/tf_transformations/build install --record /home/salma/ros2_sb/build/tf_transformations/install.log --single-version-externally-managed install_data
[9.143s] running egg_info
[9.314s] writing ../../build/tf_transformations/tf_transformations.egg-info/PKG-INFO
[9.315s] writing dependency_links to ../../build/tf_transformations/tf_transformations.egg-info/dependency_links.txt
[9.316s] writing requirements to ../../build/tf_transformations/tf_transformations.egg-info/requires.txt
[9.317s] writing top-level names to ../../build/tf_transformations/tf_transformations.egg-info/top_level.txt
[9.644s] reading manifest file '../../build/tf_transformations/tf_transformations.egg-info/SOURCES.txt'
[9.645s] adding license file 'LICENSE'
[9.648s] writing manifest file '../../build/tf_transformations/tf_transformations.egg-info/SOURCES.txt'
[9.648s] running build
[9.649s] running build_py
[9.650s] running install
[9.680s] running install_lib
[9.828s] running install_data
[9.829s] running install_egg_info
[10.020s] removing '/home/salma/ros2_sb/install/tf_transformations/lib/python3.12/site-packages/tf_transformations-1.1.0-py3.12.egg-info' (and everything under it)
[10.021s] Copying ../../build/tf_transformations/tf_transformations.egg-info to /home/salma/ros2_sb/install/tf_transformations/lib/python3.12/site-packages/tf_transformations-1.1.0-py3.12.egg-info
[10.027s] running install_scripts
[11.015s] writing list of installed files to '/home/salma/ros2_sb/build/tf_transformations/install.log'
[11.163s] Invoked command in '/home/salma/ros2_sb/src/tf_transformations' returned '0': DEBUGINFOD_URLS=https://debuginfod.ubuntu.com PYTHONPATH=/home/salma/ros2_sb/build/tf_transformations/prefix_override:/usr/lib/python3/dist-packages/colcon_core/task/python/colcon_distutils_commands:/home/salma/ros2_sb/install/tf_transformations/lib/python3.12/site-packages:${PYTHONPATH} /usr/bin/python3 -W ignore:setup.py install is deprecated -W ignore:easy_install command is deprecated setup.py egg_info --egg-base ../../build/tf_transformations build --build-base /home/salma/ros2_sb/build/tf_transformations/build install --record /home/salma/ros2_sb/build/tf_transformations/install.log --single-version-externally-managed install_data
