[2.457s] Invoking command in '/home/salma/ros2_sb/src/tf_transformations': DEBUGINFOD_URLS=https://debuginfod.ubuntu.com PYTHONPATH=/home/salma/ros2_sb/build/tf_transformations/prefix_override:/usr/lib/python3/dist-packages/colcon_core/task/python/colcon_distutils_commands:/home/salma/ros2_sb/install/tf_transformations/lib/python3.12/site-packages:${PYTHONPATH} /usr/bin/python3 -W ignore:setup.py install is deprecated -W ignore:easy_install command is deprecated setup.py egg_info --egg-base ../../build/tf_transformations build --build-base /home/salma/ros2_sb/build/tf_transformations/build install --record /home/salma/ros2_sb/build/tf_transformations/install.log --single-version-externally-managed install_data
[3.003s] running egg_info
[3.045s] writing ../../build/tf_transformations/tf_transformations.egg-info/PKG-INFO
[3.046s] writing dependency_links to ../../build/tf_transformations/tf_transformations.egg-info/dependency_links.txt
[3.046s] writing requirements to ../../build/tf_transformations/tf_transformations.egg-info/requires.txt
[3.047s] writing top-level names to ../../build/tf_transformations/tf_transformations.egg-info/top_level.txt
[3.134s] reading manifest file '../../build/tf_transformations/tf_transformations.egg-info/SOURCES.txt'
[3.134s] adding license file 'LICENSE'
[3.135s] writing manifest file '../../build/tf_transformations/tf_transformations.egg-info/SOURCES.txt'
[3.136s] running build
[3.136s] running build_py
[3.136s] running install
[3.147s] running install_lib
[3.191s] running install_data
[3.191s] running install_egg_info
[3.234s] removing '/home/salma/ros2_sb/install/tf_transformations/lib/python3.12/site-packages/tf_transformations-1.1.0-py3.12.egg-info' (and everything under it)
[3.235s] Copying ../../build/tf_transformations/tf_transformations.egg-info to /home/salma/ros2_sb/install/tf_transformations/lib/python3.12/site-packages/tf_transformations-1.1.0-py3.12.egg-info
[3.236s] running install_scripts
[3.514s] writing list of installed files to '/home/salma/ros2_sb/build/tf_transformations/install.log'
[3.581s] Invoked command in '/home/salma/ros2_sb/src/tf_transformations' returned '0': DEBUGINFOD_URLS=https://debuginfod.ubuntu.com PYTHONPATH=/home/salma/ros2_sb/build/tf_transformations/prefix_override:/usr/lib/python3/dist-packages/colcon_core/task/python/colcon_distutils_commands:/home/salma/ros2_sb/install/tf_transformations/lib/python3.12/site-packages:${PYTHONPATH} /usr/bin/python3 -W ignore:setup.py install is deprecated -W ignore:easy_install command is deprecated setup.py egg_info --egg-base ../../build/tf_transformations build --build-base /home/salma/ros2_sb/build/tf_transformations/build install --record /home/salma/ros2_sb/build/tf_transformations/install.log --single-version-externally-managed install_data
