[6.843s] Invoking command in '/home/salma/ros2_sb/src/maze_navigator': DEBUGINFOD_URLS=https://debuginfod.ubuntu.com PYTHONPATH=/home/salma/ros2_sb/build/maze_navigator/prefix_override:/usr/lib/python3/dist-packages/colcon_core/task/python/colcon_distutils_commands:/home/salma/ros2_sb/install/maze_navigator/lib/python3.12/site-packages:${PYTHONPATH} /usr/bin/python3 -W ignore:setup.py install is deprecated -W ignore:easy_install command is deprecated setup.py egg_info --egg-base ../../build/maze_navigator build --build-base /home/salma/ros2_sb/build/maze_navigator/build install --record /home/salma/ros2_sb/build/maze_navigator/install.log --single-version-externally-managed install_data
[8.327s] running egg_info
[8.458s] writing ../../build/maze_navigator/maze_navigator.egg-info/PKG-INFO
[8.459s] writing dependency_links to ../../build/maze_navigator/maze_navigator.egg-info/dependency_links.txt
[8.460s] writing entry points to ../../build/maze_navigator/maze_navigator.egg-info/entry_points.txt
[8.461s] writing requirements to ../../build/maze_navigator/maze_navigator.egg-info/requires.txt
[8.462s] writing top-level names to ../../build/maze_navigator/maze_navigator.egg-info/top_level.txt
[8.775s] reading manifest file '../../build/maze_navigator/maze_navigator.egg-info/SOURCES.txt'
[8.780s] writing manifest file '../../build/maze_navigator/maze_navigator.egg-info/SOURCES.txt'
[8.781s] running build
[8.782s] running build_py
[8.783s] copying maze_navigator/occupancy_grid_node.py -> /home/salma/ros2_sb/build/maze_navigator/build/lib/maze_navigator
[8.786s] running install
[8.818s] running install_lib
[8.945s] copying /home/salma/ros2_sb/build/maze_navigator/build/lib/maze_navigator/occupancy_grid_node.py -> /home/salma/ros2_sb/install/maze_navigator/lib/python3.12/site-packages/maze_navigator
[8.948s] byte-compiling /home/salma/ros2_sb/install/maze_navigator/lib/python3.12/site-packages/maze_navigator/occupancy_grid_node.py to occupancy_grid_node.cpython-312.pyc
[8.953s] running install_data
[8.954s] running install_egg_info
[9.079s] removing '/home/salma/ros2_sb/install/maze_navigator/lib/python3.12/site-packages/maze_navigator-0.0.0-py3.12.egg-info' (and everything under it)
[9.080s] Copying ../../build/maze_navigator/maze_navigator.egg-info to /home/salma/ros2_sb/install/maze_navigator/lib/python3.12/site-packages/maze_navigator-0.0.0-py3.12.egg-info
[9.085s] running install_scripts
[9.850s] Installing astar_planner_node script to /home/salma/ros2_sb/install/maze_navigator/lib/maze_navigator
[9.851s] Installing occupancy_grid_node script to /home/salma/ros2_sb/install/maze_navigator/lib/maze_navigator
[9.852s] Installing path_follower_node script to /home/salma/ros2_sb/install/maze_navigator/lib/maze_navigator
[9.853s] writing list of installed files to '/home/salma/ros2_sb/build/maze_navigator/install.log'
[9.984s] Invoked command in '/home/salma/ros2_sb/src/maze_navigator' returned '0': DEBUGINFOD_URLS=https://debuginfod.ubuntu.com PYTHONPATH=/home/salma/ros2_sb/build/maze_navigator/prefix_override:/usr/lib/python3/dist-packages/colcon_core/task/python/colcon_distutils_commands:/home/salma/ros2_sb/install/maze_navigator/lib/python3.12/site-packages:${PYTHONPATH} /usr/bin/python3 -W ignore:setup.py install is deprecated -W ignore:easy_install command is deprecated setup.py egg_info --egg-base ../../build/maze_navigator build --build-base /home/salma/ros2_sb/build/maze_navigator/build install --record /home/salma/ros2_sb/build/maze_navigator/install.log --single-version-externally-managed install_data
