[6.297s] Invoking command in '/home/salma/ros2_sb/src/maze_navigator': DEBUGINFOD_URLS=https://debuginfod.ubuntu.com PYTHONPATH=/home/salma/ros2_sb/build/maze_navigator/prefix_override:/usr/lib/python3/dist-packages/colcon_core/task/python/colcon_distutils_commands:/home/salma/ros2_sb/install/maze_navigator/lib/python3.12/site-packages:${PYTHONPATH} /usr/bin/python3 -W ignore:setup.py install is deprecated -W ignore:easy_install command is deprecated setup.py egg_info --egg-base ../../build/maze_navigator build --build-base /home/salma/ros2_sb/build/maze_navigator/build install --record /home/salma/ros2_sb/build/maze_navigator/install.log --single-version-externally-managed install_data
[7.760s] running egg_info
[7.879s] writing ../../build/maze_navigator/maze_navigator.egg-info/PKG-INFO
[7.880s] writing dependency_links to ../../build/maze_navigator/maze_navigator.egg-info/dependency_links.txt
[7.881s] writing entry points to ../../build/maze_navigator/maze_navigator.egg-info/entry_points.txt
[7.882s] writing requirements to ../../build/maze_navigator/maze_navigator.egg-info/requires.txt
[7.883s] writing top-level names to ../../build/maze_navigator/maze_navigator.egg-info/top_level.txt
[8.133s] reading manifest file '../../build/maze_navigator/maze_navigator.egg-info/SOURCES.txt'
[8.139s] writing manifest file '../../build/maze_navigator/maze_navigator.egg-info/SOURCES.txt'
[8.139s] running build
[8.140s] running build_py
[8.140s] running install
[8.171s] running install_lib
[8.301s] running install_data
[8.301s] running install_egg_info
[8.443s] removing '/home/salma/ros2_sb/install/maze_navigator/lib/python3.12/site-packages/maze_navigator-0.0.0-py3.12.egg-info' (and everything under it)
[8.444s] Copying ../../build/maze_navigator/maze_navigator.egg-info to /home/salma/ros2_sb/install/maze_navigator/lib/python3.12/site-packages/maze_navigator-0.0.0-py3.12.egg-info
[8.449s] running install_scripts
[9.267s] Installing astar_planner_node script to /home/salma/ros2_sb/install/maze_navigator/lib/maze_navigator
[9.268s] Installing occupancy_grid_node script to /home/salma/ros2_sb/install/maze_navigator/lib/maze_navigator
[9.269s] Installing path_follower_node script to /home/salma/ros2_sb/install/maze_navigator/lib/maze_navigator
[9.270s] writing list of installed files to '/home/salma/ros2_sb/build/maze_navigator/install.log'
[9.401s] Invoked command in '/home/salma/ros2_sb/src/maze_navigator' returned '0': DEBUGINFOD_URLS=https://debuginfod.ubuntu.com PYTHONPATH=/home/salma/ros2_sb/build/maze_navigator/prefix_override:/usr/lib/python3/dist-packages/colcon_core/task/python/colcon_distutils_commands:/home/salma/ros2_sb/install/maze_navigator/lib/python3.12/site-packages:${PYTHONPATH} /usr/bin/python3 -W ignore:setup.py install is deprecated -W ignore:easy_install command is deprecated setup.py egg_info --egg-base ../../build/maze_navigator build --build-base /home/salma/ros2_sb/build/maze_navigator/build install --record /home/salma/ros2_sb/build/maze_navigator/install.log --single-version-externally-managed install_data
