[7.092s] Invoking command in '/home/salma/ros2_sb/src/self_balancing_bot': DEBUGINFOD_URLS=https://debuginfod.ubuntu.com PYTHONPATH=/home/salma/ros2_sb/build/self_balancing_bot/prefix_override:/usr/lib/python3/dist-packages/colcon_core/task/python/colcon_distutils_commands:/home/salma/ros2_sb/install/self_balancing_bot/lib/python3.12/site-packages:${PYTHONPATH} /usr/bin/python3 -W ignore:setup.py install is deprecated -W ignore:easy_install command is deprecated setup.py egg_info --egg-base ../../build/self_balancing_bot build --build-base /home/salma/ros2_sb/build/self_balancing_bot/build install --record /home/salma/ros2_sb/build/self_balancing_bot/install.log --single-version-externally-managed install_data
[9.104s] running egg_info
[9.294s] writing ../../build/self_balancing_bot/self_balancing_bot.egg-info/PKG-INFO
[9.295s] writing dependency_links to ../../build/self_balancing_bot/self_balancing_bot.egg-info/dependency_links.txt
[9.297s] writing entry points to ../../build/self_balancing_bot/self_balancing_bot.egg-info/entry_points.txt
[9.298s] writing requirements to ../../build/self_balancing_bot/self_balancing_bot.egg-info/requires.txt
[9.299s] writing top-level names to ../../build/self_balancing_bot/self_balancing_bot.egg-info/top_level.txt
[9.614s] reading manifest file '../../build/self_balancing_bot/self_balancing_bot.egg-info/SOURCES.txt'
[9.615s] adding license file 'LICENSE'
[9.618s] writing manifest file '../../build/self_balancing_bot/self_balancing_bot.egg-info/SOURCES.txt'
[9.620s] running build
[9.620s] running build_py
[9.621s] running install
[9.673s] running install_lib
[9.862s] running install_data
[9.863s] copying launch/gazebo_bridge.launch.py -> /home/salma/ros2_sb/install/self_balancing_bot/share/self_balancing_bot/launch
[9.864s] running install_egg_info
[10.069s] removing '/home/salma/ros2_sb/install/self_balancing_bot/lib/python3.12/site-packages/self_balancing_bot-0.0.0-py3.12.egg-info' (and everything under it)
[10.071s] Copying ../../build/self_balancing_bot/self_balancing_bot.egg-info to /home/salma/ros2_sb/install/self_balancing_bot/lib/python3.12/site-packages/self_balancing_bot-0.0.0-py3.12.egg-info
[10.078s] running install_scripts
[10.880s] Installing balance_controller script to /home/salma/ros2_sb/install/self_balancing_bot/lib/self_balancing_bot
[10.882s] writing list of installed files to '/home/salma/ros2_sb/build/self_balancing_bot/install.log'
[11.022s] Invoked command in '/home/salma/ros2_sb/src/self_balancing_bot' returned '0': DEBUGINFOD_URLS=https://debuginfod.ubuntu.com PYTHONPATH=/home/salma/ros2_sb/build/self_balancing_bot/prefix_override:/usr/lib/python3/dist-packages/colcon_core/task/python/colcon_distutils_commands:/home/salma/ros2_sb/install/self_balancing_bot/lib/python3.12/site-packages:${PYTHONPATH} /usr/bin/python3 -W ignore:setup.py install is deprecated -W ignore:easy_install command is deprecated setup.py egg_info --egg-base ../../build/self_balancing_bot build --build-base /home/salma/ros2_sb/build/self_balancing_bot/build install --record /home/salma/ros2_sb/build/self_balancing_bot/install.log --single-version-externally-managed install_data
