[0.529s] DEBUG:colcon:Command line arguments: ['/usr/bin/colcon', 'build']
[0.529s] DEBUG:colcon:Parsed command line arguments: Namespace(log_base=None, log_level=None, verb_name='build', build_base='build', install_base='install', merge_install=False, symlink_install=False, test_result_base=None, continue_on_error=False, executor='parallel', parallel_workers=8, event_handlers=None, ignore_user_meta=False, metas=['./colcon.meta'], base_paths=['.'], packages_ignore=None, packages_ignore_regex=None, paths=None, packages_up_to=None, packages_up_to_regex=None, packages_above=None, packages_above_and_dependencies=None, packages_above_depth=None, packages_select_by_dep=None, packages_skip_by_dep=None, packages_skip_up_to=None, packages_select_build_failed=False, packages_skip_build_finished=False, packages_select_test_failures=False, packages_skip_test_passed=False, packages_select=None, packages_skip=None, packages_select_regex=None, packages_skip_regex=None, packages_start=None, packages_end=None, allow_overriding=[], cmake_args=None, cmake_target=None, cmake_target_skip_unavailable=False, cmake_clean_cache=False, cmake_clean_first=False, cmake_force_configure=False, ament_cmake_args=None, catkin_cmake_args=None, catkin_skip_building_tests=False, mixin_files=None, mixin=None, verb_parser=<colcon_mixin.mixin.mixin_argument.MixinArgumentDecorator object at 0x776b87e94f80>, verb_extension=<colcon_core.verb.build.BuildVerb object at 0x776b87e94c20>, main=<bound method BuildVerb.main of <colcon_core.verb.build.BuildVerb object at 0x776b87e94c20>>, mixin_verb=('build',))
[0.699s] Level 1:colcon.colcon_core.package_discovery:discover_packages(colcon_meta) check parameters
[0.700s] Level 1:colcon.colcon_core.package_discovery:discover_packages(recursive) check parameters
[0.700s] Level 1:colcon.colcon_core.package_discovery:discover_packages(ignore) check parameters
[0.700s] Level 1:colcon.colcon_core.package_discovery:discover_packages(path) check parameters
[0.700s] Level 1:colcon.colcon_core.package_discovery:discover_packages(colcon_meta) discover
[0.701s] Level 1:colcon.colcon_core.package_discovery:discover_packages(recursive) discover
[0.701s] INFO:colcon.colcon_core.package_discovery:Crawling recursively for packages in '/home/salma/ros2_sb'
[0.701s] Level 1:colcon.colcon_core.package_identification:_identify(.) by extensions ['ignore', 'ignore_ament_install']
[0.702s] Level 1:colcon.colcon_core.package_identification:_identify(.) by extension 'ignore'
[0.702s] Level 1:colcon.colcon_core.package_identification:_identify(.) by extension 'ignore_ament_install'
[0.702s] Level 1:colcon.colcon_core.package_identification:_identify(.) by extensions ['colcon_pkg']
[0.703s] Level 1:colcon.colcon_core.package_identification:_identify(.) by extension 'colcon_pkg'
[0.703s] Level 1:colcon.colcon_core.package_identification:_identify(.) by extensions ['colcon_meta']
[0.703s] Level 1:colcon.colcon_core.package_identification:_identify(.) by extension 'colcon_meta'
[0.703s] Level 1:colcon.colcon_core.package_identification:_identify(.) by extensions ['ros']
[0.703s] Level 1:colcon.colcon_core.package_identification:_identify(.) by extension 'ros'
[0.813s] Level 1:colcon.colcon_core.package_identification:_identify(.) by extensions ['cmake', 'python']
[0.813s] Level 1:colcon.colcon_core.package_identification:_identify(.) by extension 'cmake'
[0.813s] Level 1:colcon.colcon_core.package_identification:_identify(.) by extension 'python'
[0.814s] Level 1:colcon.colcon_core.package_identification:_identify(.) by extensions ['python_setup_py']
[0.814s] Level 1:colcon.colcon_core.package_identification:_identify(.) by extension 'python_setup_py'
[0.814s] Level 1:colcon.colcon_core.package_identification:_identify(build) by extensions ['ignore', 'ignore_ament_install']
[0.815s] Level 1:colcon.colcon_core.package_identification:_identify(build) by extension 'ignore'
[0.815s] Level 1:colcon.colcon_core.package_identification:_identify(build) ignored
[0.816s] Level 1:colcon.colcon_core.package_identification:_identify(install) by extensions ['ignore', 'ignore_ament_install']
[0.816s] Level 1:colcon.colcon_core.package_identification:_identify(install) by extension 'ignore'
[0.816s] Level 1:colcon.colcon_core.package_identification:_identify(install) ignored
[0.817s] Level 1:colcon.colcon_core.package_identification:_identify(log) by extensions ['ignore', 'ignore_ament_install']
[0.817s] Level 1:colcon.colcon_core.package_identification:_identify(log) by extension 'ignore'
[0.817s] Level 1:colcon.colcon_core.package_identification:_identify(log) ignored
[0.818s] Level 1:colcon.colcon_core.package_identification:_identify(src) by extensions ['ignore', 'ignore_ament_install']
[0.818s] Level 1:colcon.colcon_core.package_identification:_identify(src) by extension 'ignore'
[0.818s] Level 1:colcon.colcon_core.package_identification:_identify(src) by extension 'ignore_ament_install'
[0.819s] Level 1:colcon.colcon_core.package_identification:_identify(src) by extensions ['colcon_pkg']
[0.819s] Level 1:colcon.colcon_core.package_identification:_identify(src) by extension 'colcon_pkg'
[0.819s] Level 1:colcon.colcon_core.package_identification:_identify(src) by extensions ['colcon_meta']
[0.819s] Level 1:colcon.colcon_core.package_identification:_identify(src) by extension 'colcon_meta'
[0.819s] Level 1:colcon.colcon_core.package_identification:_identify(src) by extensions ['ros']
[0.819s] Level 1:colcon.colcon_core.package_identification:_identify(src) by extension 'ros'
[0.820s] Level 1:colcon.colcon_core.package_identification:_identify(src) by extensions ['cmake', 'python']
[0.820s] Level 1:colcon.colcon_core.package_identification:_identify(src) by extension 'cmake'
[0.820s] Level 1:colcon.colcon_core.package_identification:_identify(src) by extension 'python'
[0.820s] Level 1:colcon.colcon_core.package_identification:_identify(src) by extensions ['python_setup_py']
[0.821s] Level 1:colcon.colcon_core.package_identification:_identify(src) by extension 'python_setup_py'
[0.821s] Level 1:colcon.colcon_core.package_identification:_identify(src/maze_navigator) by extensions ['ignore', 'ignore_ament_install']
[0.821s] Level 1:colcon.colcon_core.package_identification:_identify(src/maze_navigator) by extension 'ignore'
[0.822s] Level 1:colcon.colcon_core.package_identification:_identify(src/maze_navigator) by extension 'ignore_ament_install'
[0.822s] Level 1:colcon.colcon_core.package_identification:_identify(src/maze_navigator) by extensions ['colcon_pkg']
[0.822s] Level 1:colcon.colcon_core.package_identification:_identify(src/maze_navigator) by extension 'colcon_pkg'
[0.822s] Level 1:colcon.colcon_core.package_identification:_identify(src/maze_navigator) by extensions ['colcon_meta']
[0.822s] Level 1:colcon.colcon_core.package_identification:_identify(src/maze_navigator) by extension 'colcon_meta'
[0.823s] Level 1:colcon.colcon_core.package_identification:_identify(src/maze_navigator) by extensions ['ros']
[0.823s] Level 1:colcon.colcon_core.package_identification:_identify(src/maze_navigator) by extension 'ros'
[0.832s] DEBUG:colcon.colcon_core.package_identification:Package 'src/maze_navigator' with type 'ros.ament_python' and name 'maze_navigator'
[0.833s] Level 1:colcon.colcon_core.package_identification:_identify(src/self_balancing_bot) by extensions ['ignore', 'ignore_ament_install']
[0.833s] Level 1:colcon.colcon_core.package_identification:_identify(src/self_balancing_bot) by extension 'ignore'
[0.833s] Level 1:colcon.colcon_core.package_identification:_identify(src/self_balancing_bot) by extension 'ignore_ament_install'
[0.834s] Level 1:colcon.colcon_core.package_identification:_identify(src/self_balancing_bot) by extensions ['colcon_pkg']
[0.834s] Level 1:colcon.colcon_core.package_identification:_identify(src/self_balancing_bot) by extension 'colcon_pkg'
[0.834s] Level 1:colcon.colcon_core.package_identification:_identify(src/self_balancing_bot) by extensions ['colcon_meta']
[0.834s] Level 1:colcon.colcon_core.package_identification:_identify(src/self_balancing_bot) by extension 'colcon_meta'
[0.834s] Level 1:colcon.colcon_core.package_identification:_identify(src/self_balancing_bot) by extensions ['ros']
[0.834s] Level 1:colcon.colcon_core.package_identification:_identify(src/self_balancing_bot) by extension 'ros'
[0.836s] DEBUG:colcon.colcon_core.package_identification:Package 'src/self_balancing_bot' with type 'ros.ament_python' and name 'self_balancing_bot'
[0.837s] Level 1:colcon.colcon_core.package_identification:_identify(src/tf_transformations) by extensions ['ignore', 'ignore_ament_install']
[0.837s] Level 1:colcon.colcon_core.package_identification:_identify(src/tf_transformations) by extension 'ignore'
[0.837s] Level 1:colcon.colcon_core.package_identification:_identify(src/tf_transformations) by extension 'ignore_ament_install'
[0.837s] Level 1:colcon.colcon_core.package_identification:_identify(src/tf_transformations) by extensions ['colcon_pkg']
[0.838s] Level 1:colcon.colcon_core.package_identification:_identify(src/tf_transformations) by extension 'colcon_pkg'
[0.838s] Level 1:colcon.colcon_core.package_identification:_identify(src/tf_transformations) by extensions ['colcon_meta']
[0.838s] Level 1:colcon.colcon_core.package_identification:_identify(src/tf_transformations) by extension 'colcon_meta'
[0.838s] Level 1:colcon.colcon_core.package_identification:_identify(src/tf_transformations) by extensions ['ros']
[0.838s] Level 1:colcon.colcon_core.package_identification:_identify(src/tf_transformations) by extension 'ros'
[0.840s] DEBUG:colcon.colcon_core.package_identification:Package 'src/tf_transformations' with type 'ros.ament_python' and name 'tf_transformations'
[0.841s] Level 1:colcon.colcon_core.package_discovery:discover_packages(recursive) using defaults
[0.841s] Level 1:colcon.colcon_core.package_discovery:discover_packages(ignore) discover
[0.841s] Level 1:colcon.colcon_core.package_discovery:discover_packages(ignore) using defaults
[0.841s] Level 1:colcon.colcon_core.package_discovery:discover_packages(path) discover
[0.841s] Level 1:colcon.colcon_core.package_discovery:discover_packages(path) using defaults
[0.916s] Level 1:colcon.colcon_core.package_discovery:discover_packages(prefix_path) check parameters
[0.916s] Level 1:colcon.colcon_core.package_discovery:discover_packages(prefix_path) discover
[0.925s] DEBUG:colcon.colcon_installed_package_information.package_discovery:Found 3 installed packages in /home/salma/ros2_sb/install
[0.932s] DEBUG:colcon.colcon_installed_package_information.package_discovery:Found 337 installed packages in /opt/ros/jazzy
[0.936s] Level 1:colcon.colcon_core.package_discovery:discover_packages(prefix_path) using defaults
[1.192s] Level 5:colcon.colcon_core.verb:set package 'maze_navigator' build argument 'cmake_args' from command line to 'None'
[1.192s] Level 5:colcon.colcon_core.verb:set package 'maze_navigator' build argument 'cmake_target' from command line to 'None'
[1.193s] Level 5:colcon.colcon_core.verb:set package 'maze_navigator' build argument 'cmake_target_skip_unavailable' from command line to 'False'
[1.193s] Level 5:colcon.colcon_core.verb:set package 'maze_navigator' build argument 'cmake_clean_cache' from command line to 'False'
[1.193s] Level 5:colcon.colcon_core.verb:set package 'maze_navigator' build argument 'cmake_clean_first' from command line to 'False'
[1.193s] Level 5:colcon.colcon_core.verb:set package 'maze_navigator' build argument 'cmake_force_configure' from command line to 'False'
[1.193s] Level 5:colcon.colcon_core.verb:set package 'maze_navigator' build argument 'ament_cmake_args' from command line to 'None'
[1.193s] Level 5:colcon.colcon_core.verb:set package 'maze_navigator' build argument 'catkin_cmake_args' from command line to 'None'
[1.193s] Level 5:colcon.colcon_core.verb:set package 'maze_navigator' build argument 'catkin_skip_building_tests' from command line to 'False'
[1.193s] DEBUG:colcon.colcon_core.verb:Building package 'maze_navigator' with the following arguments: {'ament_cmake_args': None, 'build_base': '/home/salma/ros2_sb/build/maze_navigator', 'catkin_cmake_args': None, 'catkin_skip_building_tests': False, 'cmake_args': None, 'cmake_clean_cache': False, 'cmake_clean_first': False, 'cmake_force_configure': False, 'cmake_target': None, 'cmake_target_skip_unavailable': False, 'install_base': '/home/salma/ros2_sb/install/maze_navigator', 'merge_install': False, 'path': '/home/salma/ros2_sb/src/maze_navigator', 'symlink_install': False, 'test_result_base': None}
[1.194s] Level 5:colcon.colcon_core.verb:set package 'self_balancing_bot' build argument 'cmake_args' from command line to 'None'
[1.195s] Level 5:colcon.colcon_core.verb:set package 'self_balancing_bot' build argument 'cmake_target' from command line to 'None'
[1.195s] Level 5:colcon.colcon_core.verb:set package 'self_balancing_bot' build argument 'cmake_target_skip_unavailable' from command line to 'False'
[1.195s] Level 5:colcon.colcon_core.verb:set package 'self_balancing_bot' build argument 'cmake_clean_cache' from command line to 'False'
[1.195s] Level 5:colcon.colcon_core.verb:set package 'self_balancing_bot' build argument 'cmake_clean_first' from command line to 'False'
[1.195s] Level 5:colcon.colcon_core.verb:set package 'self_balancing_bot' build argument 'cmake_force_configure' from command line to 'False'
[1.195s] Level 5:colcon.colcon_core.verb:set package 'self_balancing_bot' build argument 'ament_cmake_args' from command line to 'None'
[1.195s] Level 5:colcon.colcon_core.verb:set package 'self_balancing_bot' build argument 'catkin_cmake_args' from command line to 'None'
[1.195s] Level 5:colcon.colcon_core.verb:set package 'self_balancing_bot' build argument 'catkin_skip_building_tests' from command line to 'False'
[1.195s] DEBUG:colcon.colcon_core.verb:Building package 'self_balancing_bot' with the following arguments: {'ament_cmake_args': None, 'build_base': '/home/salma/ros2_sb/build/self_balancing_bot', 'catkin_cmake_args': None, 'catkin_skip_building_tests': False, 'cmake_args': None, 'cmake_clean_cache': False, 'cmake_clean_first': False, 'cmake_force_configure': False, 'cmake_target': None, 'cmake_target_skip_unavailable': False, 'install_base': '/home/salma/ros2_sb/install/self_balancing_bot', 'merge_install': False, 'path': '/home/salma/ros2_sb/src/self_balancing_bot', 'symlink_install': False, 'test_result_base': None}
[1.196s] Level 5:colcon.colcon_core.verb:set package 'tf_transformations' build argument 'cmake_args' from command line to 'None'
[1.197s] Level 5:colcon.colcon_core.verb:set package 'tf_transformations' build argument 'cmake_target' from command line to 'None'
[1.197s] Level 5:colcon.colcon_core.verb:set package 'tf_transformations' build argument 'cmake_target_skip_unavailable' from command line to 'False'
[1.197s] Level 5:colcon.colcon_core.verb:set package 'tf_transformations' build argument 'cmake_clean_cache' from command line to 'False'
[1.197s] Level 5:colcon.colcon_core.verb:set package 'tf_transformations' build argument 'cmake_clean_first' from command line to 'False'
[1.197s] Level 5:colcon.colcon_core.verb:set package 'tf_transformations' build argument 'cmake_force_configure' from command line to 'False'
[1.197s] Level 5:colcon.colcon_core.verb:set package 'tf_transformations' build argument 'ament_cmake_args' from command line to 'None'
[1.197s] Level 5:colcon.colcon_core.verb:set package 'tf_transformations' build argument 'catkin_cmake_args' from command line to 'None'
[1.197s] Level 5:colcon.colcon_core.verb:set package 'tf_transformations' build argument 'catkin_skip_building_tests' from command line to 'False'
[1.197s] DEBUG:colcon.colcon_core.verb:Building package 'tf_transformations' with the following arguments: {'ament_cmake_args': None, 'build_base': '/home/salma/ros2_sb/build/tf_transformations', 'catkin_cmake_args': None, 'catkin_skip_building_tests': False, 'cmake_args': None, 'cmake_clean_cache': False, 'cmake_clean_first': False, 'cmake_force_configure': False, 'cmake_target': None, 'cmake_target_skip_unavailable': False, 'install_base': '/home/salma/ros2_sb/install/tf_transformations', 'merge_install': False, 'path': '/home/salma/ros2_sb/src/tf_transformations', 'symlink_install': False, 'test_result_base': None}
[1.198s] INFO:colcon.colcon_core.executor:Executing jobs using 'parallel' executor
[1.200s] DEBUG:colcon.colcon_parallel_executor.executor.parallel:run_until_complete
[1.201s] INFO:colcon.colcon_ros.task.ament_python.build:Building ROS package in '/home/salma/ros2_sb/src/maze_navigator' with build type 'ament_python'
[1.202s] Level 1:colcon.colcon_core.shell:create_environment_hook('maze_navigator', 'ament_prefix_path')
[1.214s] INFO:colcon.colcon_core.plugin_system:Skipping extension 'colcon_core.shell.bat': Not used on non-Windows systems
[1.215s] INFO:colcon.colcon_core.shell:Creating environment hook '/home/salma/ros2_sb/install/maze_navigator/share/maze_navigator/hook/ament_prefix_path.ps1'
[1.217s] INFO:colcon.colcon_core.shell:Creating environment descriptor '/home/salma/ros2_sb/install/maze_navigator/share/maze_navigator/hook/ament_prefix_path.dsv'
[1.219s] INFO:colcon.colcon_core.shell:Creating environment hook '/home/salma/ros2_sb/install/maze_navigator/share/maze_navigator/hook/ament_prefix_path.sh'
[1.222s] INFO:colcon.colcon_core.shell:Skip shell extension 'powershell' for command environment: Not usable outside of PowerShell
[1.222s] DEBUG:colcon.colcon_core.shell:Skip shell extension 'dsv' for command environment
[1.245s] INFO:colcon.colcon_ros.task.ament_python.build:Building ROS package in '/home/salma/ros2_sb/src/self_balancing_bot' with build type 'ament_python'
[1.245s] Level 1:colcon.colcon_core.shell:create_environment_hook('self_balancing_bot', 'ament_prefix_path')
[1.246s] INFO:colcon.colcon_core.shell:Creating environment hook '/home/salma/ros2_sb/install/self_balancing_bot/share/self_balancing_bot/hook/ament_prefix_path.ps1'
[1.248s] INFO:colcon.colcon_core.shell:Creating environment descriptor '/home/salma/ros2_sb/install/self_balancing_bot/share/self_balancing_bot/hook/ament_prefix_path.dsv'
[1.249s] INFO:colcon.colcon_core.shell:Creating environment hook '/home/salma/ros2_sb/install/self_balancing_bot/share/self_balancing_bot/hook/ament_prefix_path.sh'
[1.251s] INFO:colcon.colcon_core.shell:Skip shell extension 'powershell' for command environment: Not usable outside of PowerShell
[1.252s] DEBUG:colcon.colcon_core.shell:Skip shell extension 'dsv' for command environment
[1.266s] INFO:colcon.colcon_ros.task.ament_python.build:Building ROS package in '/home/salma/ros2_sb/src/tf_transformations' with build type 'ament_python'
[1.267s] Level 1:colcon.colcon_core.shell:create_environment_hook('tf_transformations', 'ament_prefix_path')
[1.268s] INFO:colcon.colcon_core.shell:Creating environment hook '/home/salma/ros2_sb/install/tf_transformations/share/tf_transformations/hook/ament_prefix_path.ps1'
[1.272s] INFO:colcon.colcon_core.shell:Creating environment descriptor '/home/salma/ros2_sb/install/tf_transformations/share/tf_transformations/hook/ament_prefix_path.dsv'
[1.274s] INFO:colcon.colcon_core.shell:Creating environment hook '/home/salma/ros2_sb/install/tf_transformations/share/tf_transformations/hook/ament_prefix_path.sh'
[1.277s] INFO:colcon.colcon_core.shell:Skip shell extension 'powershell' for command environment: Not usable outside of PowerShell
[1.277s] DEBUG:colcon.colcon_core.shell:Skip shell extension 'dsv' for command environment
[2.619s] INFO:colcon.colcon_core.task.python.build:Building Python package in '/home/salma/ros2_sb/src/maze_navigator'
[2.620s] INFO:colcon.colcon_core.shell:Skip shell extension 'powershell' for command environment: Not usable outside of PowerShell
[2.620s] DEBUG:colcon.colcon_core.shell:Skip shell extension 'dsv' for command environment
[3.806s] INFO:colcon.colcon_core.task.python.build:Building Python package in '/home/salma/ros2_sb/src/self_balancing_bot'
[3.807s] INFO:colcon.colcon_core.shell:Skip shell extension 'powershell' for command environment: Not usable outside of PowerShell
[3.807s] DEBUG:colcon.colcon_core.shell:Skip shell extension 'dsv' for command environment
[5.006s] INFO:colcon.colcon_core.task.python.build:Building Python package in '/home/salma/ros2_sb/src/tf_transformations'
[5.007s] INFO:colcon.colcon_core.shell:Skip shell extension 'powershell' for command environment: Not usable outside of PowerShell
[5.008s] DEBUG:colcon.colcon_core.shell:Skip shell extension 'dsv' for command environment
[8.561s] DEBUG:colcon.colcon_core.event_handler.log_command:Invoking command in '/home/salma/ros2_sb/src/self_balancing_bot': DEBUGINFOD_URLS=https://debuginfod.ubuntu.com PYTHONPATH=/home/salma/ros2_sb/build/self_balancing_bot/prefix_override:/usr/lib/python3/dist-packages/colcon_core/task/python/colcon_distutils_commands:/home/salma/ros2_sb/install/self_balancing_bot/lib/python3.12/site-packages:${PYTHONPATH} /usr/bin/python3 -W ignore:setup.py install is deprecated -W ignore:easy_install command is deprecated setup.py egg_info --egg-base ../../build/self_balancing_bot build --build-base /home/salma/ros2_sb/build/self_balancing_bot/build install --record /home/salma/ros2_sb/build/self_balancing_bot/install.log --single-version-externally-managed install_data
[8.616s] DEBUG:colcon.colcon_core.event_handler.log_command:Invoking command in '/home/salma/ros2_sb/src/maze_navigator': DEBUGINFOD_URLS=https://debuginfod.ubuntu.com PYTHONPATH=/home/salma/ros2_sb/build/maze_navigator/prefix_override:/usr/lib/python3/dist-packages/colcon_core/task/python/colcon_distutils_commands:/home/salma/ros2_sb/install/maze_navigator/lib/python3.12/site-packages:${PYTHONPATH} /usr/bin/python3 -W ignore:setup.py install is deprecated -W ignore:easy_install command is deprecated setup.py egg_info --egg-base ../../build/maze_navigator build --build-base /home/salma/ros2_sb/build/maze_navigator/build install --record /home/salma/ros2_sb/build/maze_navigator/install.log --single-version-externally-managed install_data
[8.889s] DEBUG:colcon.colcon_core.event_handler.log_command:Invoking command in '/home/salma/ros2_sb/src/tf_transformations': DEBUGINFOD_URLS=https://debuginfod.ubuntu.com PYTHONPATH=/home/salma/ros2_sb/build/tf_transformations/prefix_override:/usr/lib/python3/dist-packages/colcon_core/task/python/colcon_distutils_commands:/home/salma/ros2_sb/install/tf_transformations/lib/python3.12/site-packages:${PYTHONPATH} /usr/bin/python3 -W ignore:setup.py install is deprecated -W ignore:easy_install command is deprecated setup.py egg_info --egg-base ../../build/tf_transformations build --build-base /home/salma/ros2_sb/build/tf_transformations/build install --record /home/salma/ros2_sb/build/tf_transformations/install.log --single-version-externally-managed install_data
[12.336s] DEBUG:colcon.colcon_core.event_handler.log_command:Invoked command in '/home/salma/ros2_sb/src/maze_navigator' returned '0': DEBUGINFOD_URLS=https://debuginfod.ubuntu.com PYTHONPATH=/home/salma/ros2_sb/build/maze_navigator/prefix_override:/usr/lib/python3/dist-packages/colcon_core/task/python/colcon_distutils_commands:/home/salma/ros2_sb/install/maze_navigator/lib/python3.12/site-packages:${PYTHONPATH} /usr/bin/python3 -W ignore:setup.py install is deprecated -W ignore:easy_install command is deprecated setup.py egg_info --egg-base ../../build/maze_navigator build --build-base /home/salma/ros2_sb/build/maze_navigator/build install --record /home/salma/ros2_sb/build/maze_navigator/install.log --single-version-externally-managed install_data
[12.351s] Level 1:colcon.colcon_core.environment:checking '/home/salma/ros2_sb/install/maze_navigator' for CMake module files
[12.355s] Level 1:colcon.colcon_core.environment:checking '/home/salma/ros2_sb/install/maze_navigator' for CMake config files
[12.359s] Level 1:colcon.colcon_core.environment:checking '/home/salma/ros2_sb/install/maze_navigator/lib'
[12.360s] Level 1:colcon.colcon_core.environment:checking '/home/salma/ros2_sb/install/maze_navigator/bin'
[12.361s] Level 1:colcon.colcon_core.environment:checking '/home/salma/ros2_sb/install/maze_navigator/lib/pkgconfig/maze_navigator.pc'
[12.362s] Level 1:colcon.colcon_core.environment:checking '/home/salma/ros2_sb/install/maze_navigator/lib/python3.12/site-packages'
[12.363s] Level 1:colcon.colcon_core.shell:create_environment_hook('maze_navigator', 'pythonpath')
[12.365s] INFO:colcon.colcon_core.shell:Creating environment hook '/home/salma/ros2_sb/install/maze_navigator/share/maze_navigator/hook/pythonpath.ps1'
[12.367s] INFO:colcon.colcon_core.shell:Creating environment descriptor '/home/salma/ros2_sb/install/maze_navigator/share/maze_navigator/hook/pythonpath.dsv'
[12.370s] INFO:colcon.colcon_core.shell:Creating environment hook '/home/salma/ros2_sb/install/maze_navigator/share/maze_navigator/hook/pythonpath.sh'
[12.373s] Level 1:colcon.colcon_core.environment:checking '/home/salma/ros2_sb/install/maze_navigator/bin'
[12.374s] Level 1:colcon.colcon_core.environment:create_environment_scripts_only(maze_navigator)
[12.376s] INFO:colcon.colcon_core.shell:Creating package script '/home/salma/ros2_sb/install/maze_navigator/share/maze_navigator/package.ps1'
[12.381s] INFO:colcon.colcon_core.shell:Creating package descriptor '/home/salma/ros2_sb/install/maze_navigator/share/maze_navigator/package.dsv'
[12.384s] INFO:colcon.colcon_core.shell:Creating package script '/home/salma/ros2_sb/install/maze_navigator/share/maze_navigator/package.sh'
[12.390s] INFO:colcon.colcon_core.shell:Creating package script '/home/salma/ros2_sb/install/maze_navigator/share/maze_navigator/package.bash'
[12.394s] INFO:colcon.colcon_core.shell:Creating package script '/home/salma/ros2_sb/install/maze_navigator/share/maze_navigator/package.zsh'
[12.398s] Level 1:colcon.colcon_core.environment:create_file_with_runtime_dependencies(/home/salma/ros2_sb/install/maze_navigator/share/colcon-core/packages/maze_navigator)
[12.554s] Level 1:colcon.colcon_core.environment:checking '/home/salma/ros2_sb/install/self_balancing_bot' for CMake module files
[12.558s] DEBUG:colcon.colcon_core.event_handler.log_command:Invoked command in '/home/salma/ros2_sb/src/self_balancing_bot' returned '0': DEBUGINFOD_URLS=https://debuginfod.ubuntu.com PYTHONPATH=/home/salma/ros2_sb/build/self_balancing_bot/prefix_override:/usr/lib/python3/dist-packages/colcon_core/task/python/colcon_distutils_commands:/home/salma/ros2_sb/install/self_balancing_bot/lib/python3.12/site-packages:${PYTHONPATH} /usr/bin/python3 -W ignore:setup.py install is deprecated -W ignore:easy_install command is deprecated setup.py egg_info --egg-base ../../build/self_balancing_bot build --build-base /home/salma/ros2_sb/build/self_balancing_bot/build install --record /home/salma/ros2_sb/build/self_balancing_bot/install.log --single-version-externally-managed install_data
[12.560s] Level 1:colcon.colcon_core.environment:checking '/home/salma/ros2_sb/install/self_balancing_bot' for CMake config files
[12.565s] Level 1:colcon.colcon_core.environment:checking '/home/salma/ros2_sb/install/self_balancing_bot/lib'
[12.565s] Level 1:colcon.colcon_core.environment:checking '/home/salma/ros2_sb/install/self_balancing_bot/bin'
[12.566s] Level 1:colcon.colcon_core.environment:checking '/home/salma/ros2_sb/install/self_balancing_bot/lib/pkgconfig/self_balancing_bot.pc'
[12.568s] Level 1:colcon.colcon_core.environment:checking '/home/salma/ros2_sb/install/self_balancing_bot/lib/python3.12/site-packages'
[12.569s] Level 1:colcon.colcon_core.shell:create_environment_hook('self_balancing_bot', 'pythonpath')
[12.570s] INFO:colcon.colcon_core.shell:Creating environment hook '/home/salma/ros2_sb/install/self_balancing_bot/share/self_balancing_bot/hook/pythonpath.ps1'
[12.573s] INFO:colcon.colcon_core.shell:Creating environment descriptor '/home/salma/ros2_sb/install/self_balancing_bot/share/self_balancing_bot/hook/pythonpath.dsv'
[12.575s] INFO:colcon.colcon_core.shell:Creating environment hook '/home/salma/ros2_sb/install/self_balancing_bot/share/self_balancing_bot/hook/pythonpath.sh'
[12.579s] Level 1:colcon.colcon_core.environment:checking '/home/salma/ros2_sb/install/self_balancing_bot/bin'
[12.579s] Level 1:colcon.colcon_core.environment:create_environment_scripts_only(self_balancing_bot)
[12.581s] INFO:colcon.colcon_core.shell:Creating package script '/home/salma/ros2_sb/install/self_balancing_bot/share/self_balancing_bot/package.ps1'
[12.584s] INFO:colcon.colcon_core.shell:Creating package descriptor '/home/salma/ros2_sb/install/self_balancing_bot/share/self_balancing_bot/package.dsv'
[12.587s] INFO:colcon.colcon_core.shell:Creating package script '/home/salma/ros2_sb/install/self_balancing_bot/share/self_balancing_bot/package.sh'
[12.591s] INFO:colcon.colcon_core.shell:Creating package script '/home/salma/ros2_sb/install/self_balancing_bot/share/self_balancing_bot/package.bash'
[12.593s] INFO:colcon.colcon_core.shell:Creating package script '/home/salma/ros2_sb/install/self_balancing_bot/share/self_balancing_bot/package.zsh'
[12.596s] Level 1:colcon.colcon_core.environment:create_file_with_runtime_dependencies(/home/salma/ros2_sb/install/self_balancing_bot/share/colcon-core/packages/self_balancing_bot)
[12.673s] Level 1:colcon.colcon_core.environment:checking '/home/salma/ros2_sb/install/tf_transformations' for CMake module files
[12.675s] DEBUG:colcon.colcon_core.event_handler.log_command:Invoked command in '/home/salma/ros2_sb/src/tf_transformations' returned '0': DEBUGINFOD_URLS=https://debuginfod.ubuntu.com PYTHONPATH=/home/salma/ros2_sb/build/tf_transformations/prefix_override:/usr/lib/python3/dist-packages/colcon_core/task/python/colcon_distutils_commands:/home/salma/ros2_sb/install/tf_transformations/lib/python3.12/site-packages:${PYTHONPATH} /usr/bin/python3 -W ignore:setup.py install is deprecated -W ignore:easy_install command is deprecated setup.py egg_info --egg-base ../../build/tf_transformations build --build-base /home/salma/ros2_sb/build/tf_transformations/build install --record /home/salma/ros2_sb/build/tf_transformations/install.log --single-version-externally-managed install_data
[12.677s] Level 1:colcon.colcon_core.environment:checking '/home/salma/ros2_sb/install/tf_transformations' for CMake config files
[12.679s] Level 1:colcon.colcon_core.environment:checking '/home/salma/ros2_sb/install/tf_transformations/lib'
[12.679s] Level 1:colcon.colcon_core.environment:checking '/home/salma/ros2_sb/install/tf_transformations/bin'
[12.680s] Level 1:colcon.colcon_core.environment:checking '/home/salma/ros2_sb/install/tf_transformations/lib/pkgconfig/tf_transformations.pc'
[12.681s] Level 1:colcon.colcon_core.environment:checking '/home/salma/ros2_sb/install/tf_transformations/lib/python3.12/site-packages'
[12.681s] Level 1:colcon.colcon_core.shell:create_environment_hook('tf_transformations', 'pythonpath')
[12.682s] INFO:colcon.colcon_core.shell:Creating environment hook '/home/salma/ros2_sb/install/tf_transformations/share/tf_transformations/hook/pythonpath.ps1'
[12.683s] INFO:colcon.colcon_core.shell:Creating environment descriptor '/home/salma/ros2_sb/install/tf_transformations/share/tf_transformations/hook/pythonpath.dsv'
[12.685s] INFO:colcon.colcon_core.shell:Creating environment hook '/home/salma/ros2_sb/install/tf_transformations/share/tf_transformations/hook/pythonpath.sh'
[12.688s] Level 1:colcon.colcon_core.environment:checking '/home/salma/ros2_sb/install/tf_transformations/bin'
[12.688s] Level 1:colcon.colcon_core.environment:create_environment_scripts_only(tf_transformations)
[12.689s] INFO:colcon.colcon_core.shell:Creating package script '/home/salma/ros2_sb/install/tf_transformations/share/tf_transformations/package.ps1'
[12.691s] INFO:colcon.colcon_core.shell:Creating package descriptor '/home/salma/ros2_sb/install/tf_transformations/share/tf_transformations/package.dsv'
[12.693s] INFO:colcon.colcon_core.shell:Creating package script '/home/salma/ros2_sb/install/tf_transformations/share/tf_transformations/package.sh'
[12.695s] INFO:colcon.colcon_core.shell:Creating package script '/home/salma/ros2_sb/install/tf_transformations/share/tf_transformations/package.bash'
[12.697s] INFO:colcon.colcon_core.shell:Creating package script '/home/salma/ros2_sb/install/tf_transformations/share/tf_transformations/package.zsh'
[12.698s] Level 1:colcon.colcon_core.environment:create_file_with_runtime_dependencies(/home/salma/ros2_sb/install/tf_transformations/share/colcon-core/packages/tf_transformations)
[12.701s] DEBUG:colcon.colcon_parallel_executor.executor.parallel:closing loop
[12.701s] DEBUG:colcon.colcon_parallel_executor.executor.parallel:loop closed
[12.701s] DEBUG:colcon.colcon_parallel_executor.executor.parallel:run_until_complete finished with '0'
[12.701s] DEBUG:colcon.colcon_core.event_reactor:joining thread
[12.730s] INFO:colcon.colcon_core.plugin_system:Skipping extension 'colcon_notification.desktop_notification.terminal_notifier': Not used on non-Darwin systems
[12.730s] INFO:colcon.colcon_core.plugin_system:Skipping extension 'colcon_notification.desktop_notification.win32': Not used on non-Windows systems
[12.730s] INFO:colcon.colcon_notification.desktop_notification:Sending desktop notification using 'notify2'
[12.785s] DEBUG:colcon.colcon_core.event_reactor:joined thread
[12.786s] INFO:colcon.colcon_core.shell:Creating prefix script '/home/salma/ros2_sb/install/local_setup.ps1'
[12.789s] INFO:colcon.colcon_core.shell:Creating prefix util module '/home/salma/ros2_sb/install/_local_setup_util_ps1.py'
[12.797s] INFO:colcon.colcon_core.shell:Creating prefix chain script '/home/salma/ros2_sb/install/setup.ps1'
[12.801s] INFO:colcon.colcon_core.shell:Creating prefix script '/home/salma/ros2_sb/install/local_setup.sh'
[12.803s] INFO:colcon.colcon_core.shell:Creating prefix util module '/home/salma/ros2_sb/install/_local_setup_util_sh.py'
[12.806s] INFO:colcon.colcon_core.shell:Creating prefix chain script '/home/salma/ros2_sb/install/setup.sh'
[12.810s] INFO:colcon.colcon_core.shell:Creating prefix script '/home/salma/ros2_sb/install/local_setup.bash'
[12.812s] INFO:colcon.colcon_core.shell:Creating prefix chain script '/home/salma/ros2_sb/install/setup.bash'
[12.816s] INFO:colcon.colcon_core.shell:Creating prefix script '/home/salma/ros2_sb/install/local_setup.zsh'
[12.817s] INFO:colcon.colcon_core.shell:Creating prefix chain script '/home/salma/ros2_sb/install/setup.zsh'
