[7.358s] Invoking command in '/home/salma/ros2_sb/src/self_balancing_bot': DEBUGINFOD_URLS=https://debuginfod.ubuntu.com PYTHONPATH=/home/salma/ros2_sb/build/self_balancing_bot/prefix_override:/usr/lib/python3/dist-packages/colcon_core/task/python/colcon_distutils_commands:/home/salma/ros2_sb/install/self_balancing_bot/lib/python3.12/site-packages:${PYTHONPATH} /usr/bin/python3 -W ignore:setup.py install is deprecated -W ignore:easy_install command is deprecated setup.py egg_info --egg-base ../../build/self_balancing_bot build --build-base /home/salma/ros2_sb/build/self_balancing_bot/build install --record /home/salma/ros2_sb/build/self_balancing_bot/install.log --single-version-externally-managed install_data
[9.089s] running egg_info
[9.216s] writing ../../build/self_balancing_bot/self_balancing_bot.egg-info/PKG-INFO
[9.217s] writing dependency_links to ../../build/self_balancing_bot/self_balancing_bot.egg-info/dependency_links.txt
[9.219s] writing entry points to ../../build/self_balancing_bot/self_balancing_bot.egg-info/entry_points.txt
[9.220s] writing requirements to ../../build/self_balancing_bot/self_balancing_bot.egg-info/requires.txt
[9.220s] writing top-level names to ../../build/self_balancing_bot/self_balancing_bot.egg-info/top_level.txt
[9.485s] reading manifest file '../../build/self_balancing_bot/self_balancing_bot.egg-info/SOURCES.txt'
[9.487s] adding license file 'LICENSE'
[9.492s] writing manifest file '../../build/self_balancing_bot/self_balancing_bot.egg-info/SOURCES.txt'
[9.494s] running build
[9.494s] running build_py
[9.495s] copying self_balancing_bot/balance_controller.py -> /home/salma/ros2_sb/build/self_balancing_bot/build/lib/self_balancing_bot
[9.496s] running install
[9.527s] running install_lib
[9.667s] copying /home/salma/ros2_sb/build/self_balancing_bot/build/lib/self_balancing_bot/balance_controller.py -> /home/salma/ros2_sb/install/self_balancing_bot/lib/python3.12/site-packages/self_balancing_bot
[9.672s] byte-compiling /home/salma/ros2_sb/install/self_balancing_bot/lib/python3.12/site-packages/self_balancing_bot/balance_controller.py to balance_controller.cpython-312.pyc
[9.678s] running install_data
[9.679s] copying urdf/self_balancing_bot.sdf -> /home/salma/ros2_sb/install/self_balancing_bot/share/self_balancing_bot/urdf
[9.680s] running install_egg_info
[9.836s] removing '/home/salma/ros2_sb/install/self_balancing_bot/lib/python3.12/site-packages/self_balancing_bot-0.0.0-py3.12.egg-info' (and everything under it)
[9.838s] Copying ../../build/self_balancing_bot/self_balancing_bot.egg-info to /home/salma/ros2_sb/install/self_balancing_bot/lib/python3.12/site-packages/self_balancing_bot-0.0.0-py3.12.egg-info
[9.843s] running install_scripts
[10.708s] Installing balance_controller script to /home/salma/ros2_sb/install/self_balancing_bot/lib/self_balancing_bot
[10.709s] Installing dynamic_tf_publisher script to /home/salma/ros2_sb/install/self_balancing_bot/lib/self_balancing_bot
[10.709s] Installing static_map_publisher script to /home/salma/ros2_sb/install/self_balancing_bot/lib/self_balancing_bot
[10.710s] writing list of installed files to '/home/salma/ros2_sb/build/self_balancing_bot/install.log'
[10.895s] Invoked command in '/home/salma/ros2_sb/src/self_balancing_bot' returned '0': DEBUGINFOD_URLS=https://debuginfod.ubuntu.com PYTHONPATH=/home/salma/ros2_sb/build/self_balancing_bot/prefix_override:/usr/lib/python3/dist-packages/colcon_core/task/python/colcon_distutils_commands:/home/salma/ros2_sb/install/self_balancing_bot/lib/python3.12/site-packages:${PYTHONPATH} /usr/bin/python3 -W ignore:setup.py install is deprecated -W ignore:easy_install command is deprecated setup.py egg_info --egg-base ../../build/self_balancing_bot build --build-base /home/salma/ros2_sb/build/self_balancing_bot/build install --record /home/salma/ros2_sb/build/self_balancing_bot/install.log --single-version-externally-managed install_data
