[1.827s] Invoking command in '/home/salma/ros2_sb/src/self_balancing_bot': DEBUGINFOD_URLS=https://debuginfod.ubuntu.com PYTHONPATH=/home/salma/ros2_sb/build/self_balancing_bot/prefix_override:/usr/lib/python3/dist-packages/colcon_core/task/python/colcon_distutils_commands:/home/salma/ros2_sb/install/self_balancing_bot/lib/python3.12/site-packages:${PYTHONPATH} /usr/bin/python3 -W ignore:setup.py install is deprecated -W ignore:easy_install command is deprecated setup.py egg_info --egg-base ../../build/self_balancing_bot build --build-base /home/salma/ros2_sb/build/self_balancing_bot/build install --record /home/salma/ros2_sb/build/self_balancing_bot/install.log --single-version-externally-managed install_data
[2.222s] running egg_info
[2.247s] writing ../../build/self_balancing_bot/self_balancing_bot.egg-info/PKG-INFO
[2.248s] writing dependency_links to ../../build/self_balancing_bot/self_balancing_bot.egg-info/dependency_links.txt
[2.248s] writing entry points to ../../build/self_balancing_bot/self_balancing_bot.egg-info/entry_points.txt
[2.248s] writing requirements to ../../build/self_balancing_bot/self_balancing_bot.egg-info/requires.txt
[2.248s] writing top-level names to ../../build/self_balancing_bot/self_balancing_bot.egg-info/top_level.txt
[2.299s] reading manifest file '../../build/self_balancing_bot/self_balancing_bot.egg-info/SOURCES.txt'
[2.299s] adding license file 'LICENSE'
[2.300s] writing manifest file '../../build/self_balancing_bot/self_balancing_bot.egg-info/SOURCES.txt'
[2.300s] running build
[2.300s] running build_py
[2.301s] copying self_balancing_bot/balance_controller.py -> /home/salma/ros2_sb/build/self_balancing_bot/build/lib/self_balancing_bot
[2.301s] running install
[2.309s] running install_lib
[2.333s] copying /home/salma/ros2_sb/build/self_balancing_bot/build/lib/self_balancing_bot/balance_controller.py -> /home/salma/ros2_sb/install/self_balancing_bot/lib/python3.12/site-packages/self_balancing_bot
[2.333s] byte-compiling /home/salma/ros2_sb/install/self_balancing_bot/lib/python3.12/site-packages/self_balancing_bot/balance_controller.py to balance_controller.cpython-312.pyc
[2.334s] running install_data
[2.335s] running install_egg_info
[2.361s] removing '/home/salma/ros2_sb/install/self_balancing_bot/lib/python3.12/site-packages/self_balancing_bot-0.0.0-py3.12.egg-info' (and everything under it)
[2.362s] Copying ../../build/self_balancing_bot/self_balancing_bot.egg-info to /home/salma/ros2_sb/install/self_balancing_bot/lib/python3.12/site-packages/self_balancing_bot-0.0.0-py3.12.egg-info
[2.363s] running install_scripts
[2.534s] Installing balance_controller script to /home/salma/ros2_sb/install/self_balancing_bot/lib/self_balancing_bot
[2.535s] writing list of installed files to '/home/salma/ros2_sb/build/self_balancing_bot/install.log'
[2.576s] Invoked command in '/home/salma/ros2_sb/src/self_balancing_bot' returned '0': DEBUGINFOD_URLS=https://debuginfod.ubuntu.com PYTHONPATH=/home/salma/ros2_sb/build/self_balancing_bot/prefix_override:/usr/lib/python3/dist-packages/colcon_core/task/python/colcon_distutils_commands:/home/salma/ros2_sb/install/self_balancing_bot/lib/python3.12/site-packages:${PYTHONPATH} /usr/bin/python3 -W ignore:setup.py install is deprecated -W ignore:easy_install command is deprecated setup.py egg_info --egg-base ../../build/self_balancing_bot build --build-base /home/salma/ros2_sb/build/self_balancing_bot/build install --record /home/salma/ros2_sb/build/self_balancing_bot/install.log --single-version-externally-managed install_data
