[6.728s] Invoking command in '/home/salma/ros2_sb/src/tf_transformations': DEBUGINFOD_URLS=https://debuginfod.ubuntu.com PYTHONPATH=/home/salma/ros2_sb/build/tf_transformations/prefix_override:/usr/lib/python3/dist-packages/colcon_core/task/python/colcon_distutils_commands:/home/salma/ros2_sb/install/tf_transformations/lib/python3.12/site-packages:${PYTHONPATH} /usr/bin/python3 -W ignore:setup.py install is deprecated -W ignore:easy_install command is deprecated setup.py egg_info --egg-base ../../build/tf_transformations build --build-base /home/salma/ros2_sb/build/tf_transformations/build install --record /home/salma/ros2_sb/build/tf_transformations/install.log --single-version-externally-managed install_data
[8.306s] running egg_info
[8.446s] writing ../../build/tf_transformations/tf_transformations.egg-info/PKG-INFO
[8.448s] writing dependency_links to ../../build/tf_transformations/tf_transformations.egg-info/dependency_links.txt
[8.449s] writing requirements to ../../build/tf_transformations/tf_transformations.egg-info/requires.txt
[8.450s] writing top-level names to ../../build/tf_transformations/tf_transformations.egg-info/top_level.txt
[8.720s] reading manifest file '../../build/tf_transformations/tf_transformations.egg-info/SOURCES.txt'
[8.721s] adding license file 'LICENSE'
[8.726s] writing manifest file '../../build/tf_transformations/tf_transformations.egg-info/SOURCES.txt'
[8.727s] running build
[8.728s] running build_py
[8.729s] running install
[8.763s] running install_lib
[8.892s] running install_data
[8.893s] running install_egg_info
[9.028s] removing '/home/salma/ros2_sb/install/tf_transformations/lib/python3.12/site-packages/tf_transformations-1.1.0-py3.12.egg-info' (and everything under it)
[9.030s] Copying ../../build/tf_transformations/tf_transformations.egg-info to /home/salma/ros2_sb/install/tf_transformations/lib/python3.12/site-packages/tf_transformations-1.1.0-py3.12.egg-info
[9.033s] running install_scripts
[9.847s] writing list of installed files to '/home/salma/ros2_sb/build/tf_transformations/install.log'
[10.021s] Invoked command in '/home/salma/ros2_sb/src/tf_transformations' returned '0': DEBUGINFOD_URLS=https://debuginfod.ubuntu.com PYTHONPATH=/home/salma/ros2_sb/build/tf_transformations/prefix_override:/usr/lib/python3/dist-packages/colcon_core/task/python/colcon_distutils_commands:/home/salma/ros2_sb/install/tf_transformations/lib/python3.12/site-packages:${PYTHONPATH} /usr/bin/python3 -W ignore:setup.py install is deprecated -W ignore:easy_install command is deprecated setup.py egg_info --egg-base ../../build/tf_transformations build --build-base /home/salma/ros2_sb/build/tf_transformations/build install --record /home/salma/ros2_sb/build/tf_transformations/install.log --single-version-externally-managed install_data
