[7.410s] Invoking command in '/home/salma/ros2_sb/src/maze_navigator': DEBUGINFOD_URLS=https://debuginfod.ubuntu.com PYTHONPATH=/home/salma/ros2_sb/build/maze_navigator/prefix_override:/usr/lib/python3/dist-packages/colcon_core/task/python/colcon_distutils_commands:/home/salma/ros2_sb/install/maze_navigator/lib/python3.12/site-packages:${PYTHONPATH} /usr/bin/python3 -W ignore:setup.py install is deprecated -W ignore:easy_install command is deprecated setup.py egg_info --egg-base ../../build/maze_navigator build --build-base /home/salma/ros2_sb/build/maze_navigator/build install --record /home/salma/ros2_sb/build/maze_navigator/install.log --single-version-externally-managed install_data
[9.288s] running egg_info
[9.413s] writing ../../build/maze_navigator/maze_navigator.egg-info/PKG-INFO
[9.414s] writing dependency_links to ../../build/maze_navigator/maze_navigator.egg-info/dependency_links.txt
[9.415s] writing entry points to ../../build/maze_navigator/maze_navigator.egg-info/entry_points.txt
[9.416s] writing requirements to ../../build/maze_navigator/maze_navigator.egg-info/requires.txt
[9.417s] writing top-level names to ../../build/maze_navigator/maze_navigator.egg-info/top_level.txt
[9.690s] reading manifest file '../../build/maze_navigator/maze_navigator.egg-info/SOURCES.txt'
[9.694s] writing manifest file '../../build/maze_navigator/maze_navigator.egg-info/SOURCES.txt'
[9.697s] running build
[9.698s] running build_py
[9.700s] copying maze_navigator/path_follower_node.py -> /home/salma/ros2_sb/build/maze_navigator/build/lib/maze_navigator
[9.701s] running install
[9.734s] running install_lib
[9.894s] copying /home/salma/ros2_sb/build/maze_navigator/build/lib/maze_navigator/path_follower_node.py -> /home/salma/ros2_sb/install/maze_navigator/lib/python3.12/site-packages/maze_navigator
[9.899s] byte-compiling /home/salma/ros2_sb/install/maze_navigator/lib/python3.12/site-packages/maze_navigator/path_follower_node.py to path_follower_node.cpython-312.pyc
[9.906s] running install_data
[9.907s] running install_egg_info
[10.122s] removing '/home/salma/ros2_sb/install/maze_navigator/lib/python3.12/site-packages/maze_navigator-0.0.0-py3.12.egg-info' (and everything under it)
[10.123s] Copying ../../build/maze_navigator/maze_navigator.egg-info to /home/salma/ros2_sb/install/maze_navigator/lib/python3.12/site-packages/maze_navigator-0.0.0-py3.12.egg-info
[10.129s] running install_scripts
[11.074s] Installing astar_planner_node script to /home/salma/ros2_sb/install/maze_navigator/lib/maze_navigator
[11.075s] Installing occupancy_grid_node script to /home/salma/ros2_sb/install/maze_navigator/lib/maze_navigator
[11.076s] Installing path_follower_node script to /home/salma/ros2_sb/install/maze_navigator/lib/maze_navigator
[11.077s] writing list of installed files to '/home/salma/ros2_sb/build/maze_navigator/install.log'
[11.238s] Invoked command in '/home/salma/ros2_sb/src/maze_navigator' returned '0': DEBUGINFOD_URLS=https://debuginfod.ubuntu.com PYTHONPATH=/home/salma/ros2_sb/build/maze_navigator/prefix_override:/usr/lib/python3/dist-packages/colcon_core/task/python/colcon_distutils_commands:/home/salma/ros2_sb/install/maze_navigator/lib/python3.12/site-packages:${PYTHONPATH} /usr/bin/python3 -W ignore:setup.py install is deprecated -W ignore:easy_install command is deprecated setup.py egg_info --egg-base ../../build/maze_navigator build --build-base /home/salma/ros2_sb/build/maze_navigator/build install --record /home/salma/ros2_sb/build/maze_navigator/install.log --single-version-externally-managed install_data
