[8.315s] Invoking command in '/home/salma/ros2_sb/src/tf_transformations': DEBUGINFOD_URLS=https://debuginfod.ubuntu.com PYTHONPATH=/home/salma/ros2_sb/build/tf_transformations/prefix_override:/usr/lib/python3/dist-packages/colcon_core/task/python/colcon_distutils_commands:/home/salma/ros2_sb/install/tf_transformations/lib/python3.12/site-packages:${PYTHONPATH} /usr/bin/python3 -W ignore:setup.py install is deprecated -W ignore:easy_install command is deprecated setup.py egg_info --egg-base ../../build/tf_transformations build --build-base /home/salma/ros2_sb/build/tf_transformations/build install --record /home/salma/ros2_sb/build/tf_transformations/install.log --single-version-externally-managed install_data
[10.535s] running egg_info
[10.656s] writing ../../build/tf_transformations/tf_transformations.egg-info/PKG-INFO
[10.657s] writing dependency_links to ../../build/tf_transformations/tf_transformations.egg-info/dependency_links.txt
[10.658s] writing requirements to ../../build/tf_transformations/tf_transformations.egg-info/requires.txt
[10.659s] writing top-level names to ../../build/tf_transformations/tf_transformations.egg-info/top_level.txt
[10.919s] reading manifest file '../../build/tf_transformations/tf_transformations.egg-info/SOURCES.txt'
[10.920s] adding license file 'LICENSE'
[10.923s] writing manifest file '../../build/tf_transformations/tf_transformations.egg-info/SOURCES.txt'
[10.923s] running build
[10.923s] running build_py
[10.924s] running install
[10.954s] running install_lib
[11.087s] running install_data
[11.088s] running install_egg_info
[11.217s] removing '/home/salma/ros2_sb/install/tf_transformations/lib/python3.12/site-packages/tf_transformations-1.1.0-py3.12.egg-info' (and everything under it)
[11.218s] Copying ../../build/tf_transformations/tf_transformations.egg-info to /home/salma/ros2_sb/install/tf_transformations/lib/python3.12/site-packages/tf_transformations-1.1.0-py3.12.egg-info
[11.221s] running install_scripts
[12.003s] writing list of installed files to '/home/salma/ros2_sb/build/tf_transformations/install.log'
[12.124s] Invoked command in '/home/salma/ros2_sb/src/tf_transformations' returned '0': DEBUGINFOD_URLS=https://debuginfod.ubuntu.com PYTHONPATH=/home/salma/ros2_sb/build/tf_transformations/prefix_override:/usr/lib/python3/dist-packages/colcon_core/task/python/colcon_distutils_commands:/home/salma/ros2_sb/install/tf_transformations/lib/python3.12/site-packages:${PYTHONPATH} /usr/bin/python3 -W ignore:setup.py install is deprecated -W ignore:easy_install command is deprecated setup.py egg_info --egg-base ../../build/tf_transformations build --build-base /home/salma/ros2_sb/build/tf_transformations/build install --record /home/salma/ros2_sb/build/tf_transformations/install.log --single-version-externally-managed install_data
