[7.808s] Invoking command in '/home/salma/ros2_sb/src/tf_transformations': DEBUGINFOD_URLS=https://debuginfod.ubuntu.com PYTHONPATH=/home/salma/ros2_sb/build/tf_transformations/prefix_override:/usr/lib/python3/dist-packages/colcon_core/task/python/colcon_distutils_commands:/home/salma/ros2_sb/install/tf_transformations/lib/python3.12/site-packages:${PYTHONPATH} /usr/bin/python3 -W ignore:setup.py install is deprecated -W ignore:easy_install command is deprecated setup.py egg_info --egg-base ../../build/tf_transformations build --build-base /home/salma/ros2_sb/build/tf_transformations/build install --record /home/salma/ros2_sb/build/tf_transformations/install.log --single-version-externally-managed install_data
[9.748s] running egg_info
[9.878s] writing ../../build/tf_transformations/tf_transformations.egg-info/PKG-INFO
[9.879s] writing dependency_links to ../../build/tf_transformations/tf_transformations.egg-info/dependency_links.txt
[9.880s] writing requirements to ../../build/tf_transformations/tf_transformations.egg-info/requires.txt
[9.881s] writing top-level names to ../../build/tf_transformations/tf_transformations.egg-info/top_level.txt
[10.154s] reading manifest file '../../build/tf_transformations/tf_transformations.egg-info/SOURCES.txt'
[10.155s] adding license file 'LICENSE'
[10.157s] writing manifest file '../../build/tf_transformations/tf_transformations.egg-info/SOURCES.txt'
[10.158s] running build
[10.159s] running build_py
[10.159s] running install
[10.189s] running install_lib
[10.319s] running install_data
[10.319s] running install_egg_info
[10.458s] removing '/home/salma/ros2_sb/install/tf_transformations/lib/python3.12/site-packages/tf_transformations-1.1.0-py3.12.egg-info' (and everything under it)
[10.459s] Copying ../../build/tf_transformations/tf_transformations.egg-info to /home/salma/ros2_sb/install/tf_transformations/lib/python3.12/site-packages/tf_transformations-1.1.0-py3.12.egg-info
[10.463s] running install_scripts
[11.302s] writing list of installed files to '/home/salma/ros2_sb/build/tf_transformations/install.log'
[11.407s] Invoked command in '/home/salma/ros2_sb/src/tf_transformations' returned '0': DEBUGINFOD_URLS=https://debuginfod.ubuntu.com PYTHONPATH=/home/salma/ros2_sb/build/tf_transformations/prefix_override:/usr/lib/python3/dist-packages/colcon_core/task/python/colcon_distutils_commands:/home/salma/ros2_sb/install/tf_transformations/lib/python3.12/site-packages:${PYTHONPATH} /usr/bin/python3 -W ignore:setup.py install is deprecated -W ignore:easy_install command is deprecated setup.py egg_info --egg-base ../../build/tf_transformations build --build-base /home/salma/ros2_sb/build/tf_transformations/build install --record /home/salma/ros2_sb/build/tf_transformations/install.log --single-version-externally-managed install_data
