[1.819s] Invoking command in '/home/salma/ros2_sb/src/tf_transformations': DEBUGINFOD_URLS=https://debuginfod.ubuntu.com PYTHONPATH=/home/salma/ros2_sb/build/tf_transformations/prefix_override:/usr/lib/python3/dist-packages/colcon_core/task/python/colcon_distutils_commands:/home/salma/ros2_sb/install/tf_transformations/lib/python3.12/site-packages:${PYTHONPATH} /usr/bin/python3 -W ignore:setup.py install is deprecated -W ignore:easy_install command is deprecated setup.py egg_info --egg-base ../../build/tf_transformations build --build-base /home/salma/ros2_sb/build/tf_transformations/build install --record /home/salma/ros2_sb/build/tf_transformations/install.log --single-version-externally-managed install_data
[2.190s] running egg_info
[2.217s] writing ../../build/tf_transformations/tf_transformations.egg-info/PKG-INFO
[2.218s] writing dependency_links to ../../build/tf_transformations/tf_transformations.egg-info/dependency_links.txt
[2.218s] writing requirements to ../../build/tf_transformations/tf_transformations.egg-info/requires.txt
[2.218s] writing top-level names to ../../build/tf_transformations/tf_transformations.egg-info/top_level.txt
[2.268s] reading manifest file '../../build/tf_transformations/tf_transformations.egg-info/SOURCES.txt'
[2.269s] adding license file 'LICENSE'
[2.269s] writing manifest file '../../build/tf_transformations/tf_transformations.egg-info/SOURCES.txt'
[2.269s] running build
[2.270s] running build_py
[2.270s] running install
[2.276s] running install_lib
[2.302s] running install_data
[2.302s] running install_egg_info
[2.327s] removing '/home/salma/ros2_sb/install/tf_transformations/lib/python3.12/site-packages/tf_transformations-1.1.0-py3.12.egg-info' (and everything under it)
[2.327s] Copying ../../build/tf_transformations/tf_transformations.egg-info to /home/salma/ros2_sb/install/tf_transformations/lib/python3.12/site-packages/tf_transformations-1.1.0-py3.12.egg-info
[2.328s] running install_scripts
[2.490s] writing list of installed files to '/home/salma/ros2_sb/build/tf_transformations/install.log'
[2.534s] Invoked command in '/home/salma/ros2_sb/src/tf_transformations' returned '0': DEBUGINFOD_URLS=https://debuginfod.ubuntu.com PYTHONPATH=/home/salma/ros2_sb/build/tf_transformations/prefix_override:/usr/lib/python3/dist-packages/colcon_core/task/python/colcon_distutils_commands:/home/salma/ros2_sb/install/tf_transformations/lib/python3.12/site-packages:${PYTHONPATH} /usr/bin/python3 -W ignore:setup.py install is deprecated -W ignore:easy_install command is deprecated setup.py egg_info --egg-base ../../build/tf_transformations build --build-base /home/salma/ros2_sb/build/tf_transformations/build install --record /home/salma/ros2_sb/build/tf_transformations/install.log --single-version-externally-managed install_data
