[7.314s] Invoking command in '/home/salma/ros2_sb/src/self_balancing_bot': DEBUGINFOD_URLS=https://debuginfod.ubuntu.com PYTHONPATH=/home/salma/ros2_sb/build/self_balancing_bot/prefix_override:/usr/lib/python3/dist-packages/colcon_core/task/python/colcon_distutils_commands:/home/salma/ros2_sb/install/self_balancing_bot/lib/python3.12/site-packages:${PYTHONPATH} /usr/bin/python3 -W ignore:setup.py install is deprecated -W ignore:easy_install command is deprecated setup.py egg_info --egg-base ../../build/self_balancing_bot build --build-base /home/salma/ros2_sb/build/self_balancing_bot/build install --record /home/salma/ros2_sb/build/self_balancing_bot/install.log --single-version-externally-managed install_data
[9.409s] running egg_info
[9.562s] writing ../../build/self_balancing_bot/self_balancing_bot.egg-info/PKG-INFO
[9.563s] writing dependency_links to ../../build/self_balancing_bot/self_balancing_bot.egg-info/dependency_links.txt
[9.564s] writing entry points to ../../build/self_balancing_bot/self_balancing_bot.egg-info/entry_points.txt
[9.565s] writing requirements to ../../build/self_balancing_bot/self_balancing_bot.egg-info/requires.txt
[9.566s] writing top-level names to ../../build/self_balancing_bot/self_balancing_bot.egg-info/top_level.txt
[9.856s] reading manifest file '../../build/self_balancing_bot/self_balancing_bot.egg-info/SOURCES.txt'
[9.859s] adding license file 'LICENSE'
[9.862s] writing manifest file '../../build/self_balancing_bot/self_balancing_bot.egg-info/SOURCES.txt'
[9.863s] running build
[9.864s] running build_py
[9.865s] copying self_balancing_bot/path_publisher.py -> /home/salma/ros2_sb/build/self_balancing_bot/build/lib/self_balancing_bot
[9.866s] running install
[9.904s] running install_lib
[10.043s] copying /home/salma/ros2_sb/build/self_balancing_bot/build/lib/self_balancing_bot/path_publisher.py -> /home/salma/ros2_sb/install/self_balancing_bot/lib/python3.12/site-packages/self_balancing_bot
[10.047s] byte-compiling /home/salma/ros2_sb/install/self_balancing_bot/lib/python3.12/site-packages/self_balancing_bot/path_publisher.py to path_publisher.cpython-312.pyc
[10.050s] running install_data
[10.051s] copying launch/gazebo_bridge.launch.py -> /home/salma/ros2_sb/install/self_balancing_bot/share/self_balancing_bot/launch
[10.053s] running install_egg_info
[10.198s] removing '/home/salma/ros2_sb/install/self_balancing_bot/lib/python3.12/site-packages/self_balancing_bot-0.0.0-py3.12.egg-info' (and everything under it)
[10.199s] Copying ../../build/self_balancing_bot/self_balancing_bot.egg-info to /home/salma/ros2_sb/install/self_balancing_bot/lib/python3.12/site-packages/self_balancing_bot-0.0.0-py3.12.egg-info
[10.204s] running install_scripts
[11.161s] Installing balance_controller script to /home/salma/ros2_sb/install/self_balancing_bot/lib/self_balancing_bot
[11.162s] Installing dynamic_tf_publisher script to /home/salma/ros2_sb/install/self_balancing_bot/lib/self_balancing_bot
[11.163s] Installing path_publisher script to /home/salma/ros2_sb/install/self_balancing_bot/lib/self_balancing_bot
[11.164s] Installing static_map_publisher script to /home/salma/ros2_sb/install/self_balancing_bot/lib/self_balancing_bot
[11.174s] writing list of installed files to '/home/salma/ros2_sb/build/self_balancing_bot/install.log'
[11.311s] Invoked command in '/home/salma/ros2_sb/src/self_balancing_bot' returned '0': DEBUGINFOD_URLS=https://debuginfod.ubuntu.com PYTHONPATH=/home/salma/ros2_sb/build/self_balancing_bot/prefix_override:/usr/lib/python3/dist-packages/colcon_core/task/python/colcon_distutils_commands:/home/salma/ros2_sb/install/self_balancing_bot/lib/python3.12/site-packages:${PYTHONPATH} /usr/bin/python3 -W ignore:setup.py install is deprecated -W ignore:easy_install command is deprecated setup.py egg_info --egg-base ../../build/self_balancing_bot build --build-base /home/salma/ros2_sb/build/self_balancing_bot/build install --record /home/salma/ros2_sb/build/self_balancing_bot/install.log --single-version-externally-managed install_data
