/home/salma/ros2_sb/install/maze_navigator/lib/python3.12/site-packages/maze_navigator/occupancy_grid_node.py
/home/salma/ros2_sb/install/maze_navigator/lib/python3.12/site-packages/maze_navigator/path_follower_node.py
/home/salma/ros2_sb/install/maze_navigator/lib/python3.12/site-packages/maze_navigator/__init__.py
/home/salma/ros2_sb/install/maze_navigator/lib/python3.12/site-packages/maze_navigator/astar_planner_node.py
/home/salma/ros2_sb/install/maze_navigator/lib/python3.12/site-packages/maze_navigator/__pycache__/occupancy_grid_node.cpython-312.pyc
/home/salma/ros2_sb/install/maze_navigator/lib/python3.12/site-packages/maze_navigator/__pycache__/path_follower_node.cpython-312.pyc
/home/salma/ros2_sb/install/maze_navigator/lib/python3.12/site-packages/maze_navigator/__pycache__/__init__.cpython-312.pyc
/home/salma/ros2_sb/install/maze_navigator/lib/python3.12/site-packages/maze_navigator/__pycache__/astar_planner_node.cpython-312.pyc
/home/salma/ros2_sb/install/maze_navigator/share/ament_index/resource_index/packages/maze_navigator
/home/salma/ros2_sb/install/maze_navigator/share/maze_navigator/package.xml
/home/salma/ros2_sb/install/maze_navigator/lib/python3.12/site-packages/maze_navigator-0.0.0-py3.12.egg-info/SOURCES.txt
/home/salma/ros2_sb/install/maze_navigator/lib/python3.12/site-packages/maze_navigator-0.0.0-py3.12.egg-info/dependency_links.txt
/home/salma/ros2_sb/install/maze_navigator/lib/python3.12/site-packages/maze_navigator-0.0.0-py3.12.egg-info/top_level.txt
/home/salma/ros2_sb/install/maze_navigator/lib/python3.12/site-packages/maze_navigator-0.0.0-py3.12.egg-info/entry_points.txt
/home/salma/ros2_sb/install/maze_navigator/lib/python3.12/site-packages/maze_navigator-0.0.0-py3.12.egg-info/PKG-INFO
/home/salma/ros2_sb/install/maze_navigator/lib/python3.12/site-packages/maze_navigator-0.0.0-py3.12.egg-info/requires.txt
/home/salma/ros2_sb/install/maze_navigator/lib/python3.12/site-packages/maze_navigator-0.0.0-py3.12.egg-info/zip-safe
/home/salma/ros2_sb/install/maze_navigator/lib/maze_navigator/astar_planner_node
/home/salma/ros2_sb/install/maze_navigator/lib/maze_navigator/occupancy_grid_node
/home/salma/ros2_sb/install/maze_navigator/lib/maze_navigator/path_follower_node
