[8.025s] Invoking command in '/home/salma/ros2_sb/src/maze_navigator': DEBUGINFOD_URLS=https://debuginfod.ubuntu.com PYTHONPATH=/home/salma/ros2_sb/build/maze_navigator/prefix_override:/usr/lib/python3/dist-packages/colcon_core/task/python/colcon_distutils_commands:/home/salma/ros2_sb/install/maze_navigator/lib/python3.12/site-packages:${PYTHONPATH} /usr/bin/python3 -W ignore:setup.py install is deprecated -W ignore:easy_install command is deprecated setup.py egg_info --egg-base ../../build/maze_navigator build --build-base /home/salma/ros2_sb/build/maze_navigator/build install --record /home/salma/ros2_sb/build/maze_navigator/install.log --single-version-externally-managed install_data
[10.176s] running egg_info
[10.356s] writing ../../build/maze_navigator/maze_navigator.egg-info/PKG-INFO
[10.357s] writing dependency_links to ../../build/maze_navigator/maze_navigator.egg-info/dependency_links.txt
[10.358s] writing entry points to ../../build/maze_navigator/maze_navigator.egg-info/entry_points.txt
[10.359s] writing requirements to ../../build/maze_navigator/maze_navigator.egg-info/requires.txt
[10.359s] writing top-level names to ../../build/maze_navigator/maze_navigator.egg-info/top_level.txt
[10.606s] reading manifest file '../../build/maze_navigator/maze_navigator.egg-info/SOURCES.txt'
[10.610s] writing manifest file '../../build/maze_navigator/maze_navigator.egg-info/SOURCES.txt'
[10.611s] running build
[10.611s] running build_py
[10.613s] running install
[10.643s] running install_lib
[10.764s] running install_data
[10.765s] running install_egg_info
[10.889s] removing '/home/salma/ros2_sb/install/maze_navigator/lib/python3.12/site-packages/maze_navigator-0.0.0-py3.12.egg-info' (and everything under it)
[10.891s] Copying ../../build/maze_navigator/maze_navigator.egg-info to /home/salma/ros2_sb/install/maze_navigator/lib/python3.12/site-packages/maze_navigator-0.0.0-py3.12.egg-info
[10.895s] running install_scripts
[11.661s] Installing astar_planner_node script to /home/salma/ros2_sb/install/maze_navigator/lib/maze_navigator
[11.661s] Installing occupancy_grid_node script to /home/salma/ros2_sb/install/maze_navigator/lib/maze_navigator
[11.662s] Installing path_follower_node script to /home/salma/ros2_sb/install/maze_navigator/lib/maze_navigator
[11.664s] writing list of installed files to '/home/salma/ros2_sb/build/maze_navigator/install.log'
[11.771s] Invoked command in '/home/salma/ros2_sb/src/maze_navigator' returned '0': DEBUGINFOD_URLS=https://debuginfod.ubuntu.com PYTHONPATH=/home/salma/ros2_sb/build/maze_navigator/prefix_override:/usr/lib/python3/dist-packages/colcon_core/task/python/colcon_distutils_commands:/home/salma/ros2_sb/install/maze_navigator/lib/python3.12/site-packages:${PYTHONPATH} /usr/bin/python3 -W ignore:setup.py install is deprecated -W ignore:easy_install command is deprecated setup.py egg_info --egg-base ../../build/maze_navigator build --build-base /home/salma/ros2_sb/build/maze_navigator/build install --record /home/salma/ros2_sb/build/maze_navigator/install.log --single-version-externally-managed install_data
