[7.920s] Invoking command in '/home/salma/ros2_sb/src/self_balancing_bot': DEBUGINFOD_URLS=https://debuginfod.ubuntu.com PYTHONPATH=/home/salma/ros2_sb/build/self_balancing_bot/prefix_override:/usr/lib/python3/dist-packages/colcon_core/task/python/colcon_distutils_commands:/home/salma/ros2_sb/install/self_balancing_bot/lib/python3.12/site-packages:${PYTHONPATH} /usr/bin/python3 -W ignore:setup.py install is deprecated -W ignore:easy_install command is deprecated setup.py egg_info --egg-base ../../build/self_balancing_bot build --build-base /home/salma/ros2_sb/build/self_balancing_bot/build install --record /home/salma/ros2_sb/build/self_balancing_bot/install.log --single-version-externally-managed install_data
[9.797s] running egg_info
[9.919s] writing ../../build/self_balancing_bot/self_balancing_bot.egg-info/PKG-INFO
[9.920s] writing dependency_links to ../../build/self_balancing_bot/self_balancing_bot.egg-info/dependency_links.txt
[9.921s] writing entry points to ../../build/self_balancing_bot/self_balancing_bot.egg-info/entry_points.txt
[9.923s] writing requirements to ../../build/self_balancing_bot/self_balancing_bot.egg-info/requires.txt
[9.923s] writing top-level names to ../../build/self_balancing_bot/self_balancing_bot.egg-info/top_level.txt
[10.163s] reading manifest file '../../build/self_balancing_bot/self_balancing_bot.egg-info/SOURCES.txt'
[10.164s] adding license file 'LICENSE'
[10.168s] writing manifest file '../../build/self_balancing_bot/self_balancing_bot.egg-info/SOURCES.txt'
[10.168s] running build
[10.169s] running build_py
[10.170s] running install
[10.201s] running install_lib
[10.320s] running install_data
[10.320s] copying launch/gazebo_bridge.launch.py -> /home/salma/ros2_sb/install/self_balancing_bot/share/self_balancing_bot/launch
[10.322s] copying urdf/self_balancing_bot.sdf -> /home/salma/ros2_sb/install/self_balancing_bot/share/self_balancing_bot/urdf
[10.323s] running install_egg_info
[10.460s] removing '/home/salma/ros2_sb/install/self_balancing_bot/lib/python3.12/site-packages/self_balancing_bot-0.0.0-py3.12.egg-info' (and everything under it)
[10.461s] Copying ../../build/self_balancing_bot/self_balancing_bot.egg-info to /home/salma/ros2_sb/install/self_balancing_bot/lib/python3.12/site-packages/self_balancing_bot-0.0.0-py3.12.egg-info
[10.466s] running install_scripts
[11.302s] Installing balance_controller script to /home/salma/ros2_sb/install/self_balancing_bot/lib/self_balancing_bot
[11.303s] Installing dynamic_tf_publisher script to /home/salma/ros2_sb/install/self_balancing_bot/lib/self_balancing_bot
[11.303s] Installing static_map_publisher script to /home/salma/ros2_sb/install/self_balancing_bot/lib/self_balancing_bot
[11.305s] writing list of installed files to '/home/salma/ros2_sb/build/self_balancing_bot/install.log'
[11.407s] Invoked command in '/home/salma/ros2_sb/src/self_balancing_bot' returned '0': DEBUGINFOD_URLS=https://debuginfod.ubuntu.com PYTHONPATH=/home/salma/ros2_sb/build/self_balancing_bot/prefix_override:/usr/lib/python3/dist-packages/colcon_core/task/python/colcon_distutils_commands:/home/salma/ros2_sb/install/self_balancing_bot/lib/python3.12/site-packages:${PYTHONPATH} /usr/bin/python3 -W ignore:setup.py install is deprecated -W ignore:easy_install command is deprecated setup.py egg_info --egg-base ../../build/self_balancing_bot build --build-base /home/salma/ros2_sb/build/self_balancing_bot/build install --record /home/salma/ros2_sb/build/self_balancing_bot/install.log --single-version-externally-managed install_data
