[7.231s] Invoking command in '/home/salma/ros2_sb/src/maze_navigator': DEBUGINFOD_URLS=https://debuginfod.ubuntu.com PYTHONPATH=/home/salma/ros2_sb/build/maze_navigator/prefix_override:/usr/lib/python3/dist-packages/colcon_core/task/python/colcon_distutils_commands:/home/salma/ros2_sb/install/maze_navigator/lib/python3.12/site-packages:${PYTHONPATH} /usr/bin/python3 -W ignore:setup.py install is deprecated -W ignore:easy_install command is deprecated setup.py egg_info --egg-base ../../build/maze_navigator build --build-base /home/salma/ros2_sb/build/maze_navigator/build install --record /home/salma/ros2_sb/build/maze_navigator/install.log --single-version-externally-managed install_data
[8.893s] running egg_info
[9.057s] writing ../../build/maze_navigator/maze_navigator.egg-info/PKG-INFO
[9.058s] writing dependency_links to ../../build/maze_navigator/maze_navigator.egg-info/dependency_links.txt
[9.060s] writing entry points to ../../build/maze_navigator/maze_navigator.egg-info/entry_points.txt
[9.061s] writing requirements to ../../build/maze_navigator/maze_navigator.egg-info/requires.txt
[9.062s] writing top-level names to ../../build/maze_navigator/maze_navigator.egg-info/top_level.txt
[9.404s] reading manifest file '../../build/maze_navigator/maze_navigator.egg-info/SOURCES.txt'
[9.410s] writing manifest file '../../build/maze_navigator/maze_navigator.egg-info/SOURCES.txt'
[9.411s] running build
[9.412s] running build_py
[9.413s] running install
[9.465s] running install_lib
[9.633s] running install_data
[9.634s] running install_egg_info
[9.833s] removing '/home/salma/ros2_sb/install/maze_navigator/lib/python3.12/site-packages/maze_navigator-0.0.0-py3.12.egg-info' (and everything under it)
[9.834s] Copying ../../build/maze_navigator/maze_navigator.egg-info to /home/salma/ros2_sb/install/maze_navigator/lib/python3.12/site-packages/maze_navigator-0.0.0-py3.12.egg-info
[9.841s] running install_scripts
[10.702s] Installing astar_planner_node script to /home/salma/ros2_sb/install/maze_navigator/lib/maze_navigator
[10.703s] Installing occupancy_grid_node script to /home/salma/ros2_sb/install/maze_navigator/lib/maze_navigator
[10.704s] Installing path_follower_node script to /home/salma/ros2_sb/install/maze_navigator/lib/maze_navigator
[10.706s] writing list of installed files to '/home/salma/ros2_sb/build/maze_navigator/install.log'
[10.853s] Invoked command in '/home/salma/ros2_sb/src/maze_navigator' returned '0': DEBUGINFOD_URLS=https://debuginfod.ubuntu.com PYTHONPATH=/home/salma/ros2_sb/build/maze_navigator/prefix_override:/usr/lib/python3/dist-packages/colcon_core/task/python/colcon_distutils_commands:/home/salma/ros2_sb/install/maze_navigator/lib/python3.12/site-packages:${PYTHONPATH} /usr/bin/python3 -W ignore:setup.py install is deprecated -W ignore:easy_install command is deprecated setup.py egg_info --egg-base ../../build/maze_navigator build --build-base /home/salma/ros2_sb/build/maze_navigator/build install --record /home/salma/ros2_sb/build/maze_navigator/install.log --single-version-externally-managed install_data
