[0.165s] DEBUG:colcon:Command line arguments: ['/usr/bin/colcon', 'build']
[0.165s] DEBUG:colcon:Parsed command line arguments: Namespace(log_base=None, log_level=None, verb_name='build', build_base='build', install_base='install', merge_install=False, symlink_install=False, test_result_base=None, continue_on_error=False, executor='parallel', parallel_workers=8, event_handlers=None, ignore_user_meta=False, metas=['./colcon.meta'], base_paths=['.'], packages_ignore=None, packages_ignore_regex=None, paths=None, packages_up_to=None, packages_up_to_regex=None, packages_above=None, packages_above_and_dependencies=None, packages_above_depth=None, packages_select_by_dep=None, packages_skip_by_dep=None, packages_skip_up_to=None, packages_select_build_failed=False, packages_skip_build_finished=False, packages_select_test_failures=False, packages_skip_test_passed=False, packages_select=None, packages_skip=None, packages_select_regex=None, packages_skip_regex=None, packages_start=None, packages_end=None, allow_overriding=[], cmake_args=None, cmake_target=None, cmake_target_skip_unavailable=False, cmake_clean_cache=False, cmake_clean_first=False, cmake_force_configure=False, ament_cmake_args=None, catkin_cmake_args=None, catkin_skip_building_tests=False, mixin_files=None, mixin=None, verb_parser=<colcon_mixin.mixin.mixin_argument.MixinArgumentDecorator object at 0x7426b4894f20>, verb_extension=<colcon_core.verb.build.BuildVerb object at 0x7426b4ffe270>, main=<bound method BuildVerb.main of <colcon_core.verb.build.BuildVerb object at 0x7426b4ffe270>>, mixin_verb=('build',))
[0.224s] Level 1:colcon.colcon_core.package_discovery:discover_packages(colcon_meta) check parameters
[0.224s] Level 1:colcon.colcon_core.package_discovery:discover_packages(recursive) check parameters
[0.224s] Level 1:colcon.colcon_core.package_discovery:discover_packages(ignore) check parameters
[0.224s] Level 1:colcon.colcon_core.package_discovery:discover_packages(path) check parameters
[0.224s] Level 1:colcon.colcon_core.package_discovery:discover_packages(colcon_meta) discover
[0.225s] Level 1:colcon.colcon_core.package_discovery:discover_packages(recursive) discover
[0.225s] INFO:colcon.colcon_core.package_discovery:Crawling recursively for packages in '/home/salma/ros2_sb'
[0.225s] Level 1:colcon.colcon_core.package_identification:_identify(.) by extensions ['ignore', 'ignore_ament_install']
[0.225s] Level 1:colcon.colcon_core.package_identification:_identify(.) by extension 'ignore'
[0.225s] Level 1:colcon.colcon_core.package_identification:_identify(.) by extension 'ignore_ament_install'
[0.225s] Level 1:colcon.colcon_core.package_identification:_identify(.) by extensions ['colcon_pkg']
[0.225s] Level 1:colcon.colcon_core.package_identification:_identify(.) by extension 'colcon_pkg'
[0.225s] Level 1:colcon.colcon_core.package_identification:_identify(.) by extensions ['colcon_meta']
[0.225s] Level 1:colcon.colcon_core.package_identification:_identify(.) by extension 'colcon_meta'
[0.226s] Level 1:colcon.colcon_core.package_identification:_identify(.) by extensions ['ros']
[0.226s] Level 1:colcon.colcon_core.package_identification:_identify(.) by extension 'ros'
[0.265s] Level 1:colcon.colcon_core.package_identification:_identify(.) by extensions ['cmake', 'python']
[0.265s] Level 1:colcon.colcon_core.package_identification:_identify(.) by extension 'cmake'
[0.265s] Level 1:colcon.colcon_core.package_identification:_identify(.) by extension 'python'
[0.265s] Level 1:colcon.colcon_core.package_identification:_identify(.) by extensions ['python_setup_py']
[0.265s] Level 1:colcon.colcon_core.package_identification:_identify(.) by extension 'python_setup_py'
[0.265s] Level 1:colcon.colcon_core.package_identification:_identify(build) by extensions ['ignore', 'ignore_ament_install']
[0.265s] Level 1:colcon.colcon_core.package_identification:_identify(build) by extension 'ignore'
[0.265s] Level 1:colcon.colcon_core.package_identification:_identify(build) ignored
[0.266s] Level 1:colcon.colcon_core.package_identification:_identify(install) by extensions ['ignore', 'ignore_ament_install']
[0.266s] Level 1:colcon.colcon_core.package_identification:_identify(install) by extension 'ignore'
[0.266s] Level 1:colcon.colcon_core.package_identification:_identify(install) ignored
[0.266s] Level 1:colcon.colcon_core.package_identification:_identify(log) by extensions ['ignore', 'ignore_ament_install']
[0.266s] Level 1:colcon.colcon_core.package_identification:_identify(log) by extension 'ignore'
[0.266s] Level 1:colcon.colcon_core.package_identification:_identify(log) ignored
[0.266s] Level 1:colcon.colcon_core.package_identification:_identify(src) by extensions ['ignore', 'ignore_ament_install']
[0.266s] Level 1:colcon.colcon_core.package_identification:_identify(src) by extension 'ignore'
[0.267s] Level 1:colcon.colcon_core.package_identification:_identify(src) by extension 'ignore_ament_install'
[0.267s] Level 1:colcon.colcon_core.package_identification:_identify(src) by extensions ['colcon_pkg']
[0.267s] Level 1:colcon.colcon_core.package_identification:_identify(src) by extension 'colcon_pkg'
[0.267s] Level 1:colcon.colcon_core.package_identification:_identify(src) by extensions ['colcon_meta']
[0.267s] Level 1:colcon.colcon_core.package_identification:_identify(src) by extension 'colcon_meta'
[0.267s] Level 1:colcon.colcon_core.package_identification:_identify(src) by extensions ['ros']
[0.267s] Level 1:colcon.colcon_core.package_identification:_identify(src) by extension 'ros'
[0.267s] Level 1:colcon.colcon_core.package_identification:_identify(src) by extensions ['cmake', 'python']
[0.267s] Level 1:colcon.colcon_core.package_identification:_identify(src) by extension 'cmake'
[0.267s] Level 1:colcon.colcon_core.package_identification:_identify(src) by extension 'python'
[0.267s] Level 1:colcon.colcon_core.package_identification:_identify(src) by extensions ['python_setup_py']
[0.267s] Level 1:colcon.colcon_core.package_identification:_identify(src) by extension 'python_setup_py'
[0.267s] Level 1:colcon.colcon_core.package_identification:_identify(src/maze_navigator) by extensions ['ignore', 'ignore_ament_install']
[0.267s] Level 1:colcon.colcon_core.package_identification:_identify(src/maze_navigator) by extension 'ignore'
[0.267s] Level 1:colcon.colcon_core.package_identification:_identify(src/maze_navigator) by extension 'ignore_ament_install'
[0.268s] Level 1:colcon.colcon_core.package_identification:_identify(src/maze_navigator) by extensions ['colcon_pkg']
[0.268s] Level 1:colcon.colcon_core.package_identification:_identify(src/maze_navigator) by extension 'colcon_pkg'
[0.268s] Level 1:colcon.colcon_core.package_identification:_identify(src/maze_navigator) by extensions ['colcon_meta']
[0.268s] Level 1:colcon.colcon_core.package_identification:_identify(src/maze_navigator) by extension 'colcon_meta'
[0.268s] Level 1:colcon.colcon_core.package_identification:_identify(src/maze_navigator) by extensions ['ros']
[0.268s] Level 1:colcon.colcon_core.package_identification:_identify(src/maze_navigator) by extension 'ros'
[0.271s] DEBUG:colcon.colcon_core.package_identification:Package 'src/maze_navigator' with type 'ros.ament_python' and name 'maze_navigator'
[0.271s] Level 1:colcon.colcon_core.package_identification:_identify(src/self_balancing_bot) by extensions ['ignore', 'ignore_ament_install']
[0.271s] Level 1:colcon.colcon_core.package_identification:_identify(src/self_balancing_bot) by extension 'ignore'
[0.271s] Level 1:colcon.colcon_core.package_identification:_identify(src/self_balancing_bot) by extension 'ignore_ament_install'
[0.272s] Level 1:colcon.colcon_core.package_identification:_identify(src/self_balancing_bot) by extensions ['colcon_pkg']
[0.272s] Level 1:colcon.colcon_core.package_identification:_identify(src/self_balancing_bot) by extension 'colcon_pkg'
[0.272s] Level 1:colcon.colcon_core.package_identification:_identify(src/self_balancing_bot) by extensions ['colcon_meta']
[0.272s] Level 1:colcon.colcon_core.package_identification:_identify(src/self_balancing_bot) by extension 'colcon_meta'
[0.272s] Level 1:colcon.colcon_core.package_identification:_identify(src/self_balancing_bot) by extensions ['ros']
[0.272s] Level 1:colcon.colcon_core.package_identification:_identify(src/self_balancing_bot) by extension 'ros'
[0.272s] DEBUG:colcon.colcon_core.package_identification:Package 'src/self_balancing_bot' with type 'ros.ament_python' and name 'self_balancing_bot'
[0.273s] Level 1:colcon.colcon_core.package_identification:_identify(src/tf_transformations) by extensions ['ignore', 'ignore_ament_install']
[0.273s] Level 1:colcon.colcon_core.package_identification:_identify(src/tf_transformations) by extension 'ignore'
[0.273s] Level 1:colcon.colcon_core.package_identification:_identify(src/tf_transformations) by extension 'ignore_ament_install'
[0.273s] Level 1:colcon.colcon_core.package_identification:_identify(src/tf_transformations) by extensions ['colcon_pkg']
[0.273s] Level 1:colcon.colcon_core.package_identification:_identify(src/tf_transformations) by extension 'colcon_pkg'
[0.273s] Level 1:colcon.colcon_core.package_identification:_identify(src/tf_transformations) by extensions ['colcon_meta']
[0.273s] Level 1:colcon.colcon_core.package_identification:_identify(src/tf_transformations) by extension 'colcon_meta'
[0.273s] Level 1:colcon.colcon_core.package_identification:_identify(src/tf_transformations) by extensions ['ros']
[0.273s] Level 1:colcon.colcon_core.package_identification:_identify(src/tf_transformations) by extension 'ros'
[0.274s] DEBUG:colcon.colcon_core.package_identification:Package 'src/tf_transformations' with type 'ros.ament_python' and name 'tf_transformations'
[0.274s] Level 1:colcon.colcon_core.package_discovery:discover_packages(recursive) using defaults
[0.274s] Level 1:colcon.colcon_core.package_discovery:discover_packages(ignore) discover
[0.274s] Level 1:colcon.colcon_core.package_discovery:discover_packages(ignore) using defaults
[0.274s] Level 1:colcon.colcon_core.package_discovery:discover_packages(path) discover
[0.274s] Level 1:colcon.colcon_core.package_discovery:discover_packages(path) using defaults
[0.300s] Level 1:colcon.colcon_core.package_discovery:discover_packages(prefix_path) check parameters
[0.300s] Level 1:colcon.colcon_core.package_discovery:discover_packages(prefix_path) discover
[0.302s] DEBUG:colcon.colcon_installed_package_information.package_discovery:Found 3 installed packages in /home/salma/ros2_sb/install
[0.305s] DEBUG:colcon.colcon_installed_package_information.package_discovery:Found 337 installed packages in /opt/ros/jazzy
[0.306s] Level 1:colcon.colcon_core.package_discovery:discover_packages(prefix_path) using defaults
[0.388s] Level 5:colcon.colcon_core.verb:set package 'maze_navigator' build argument 'cmake_args' from command line to 'None'
[0.388s] Level 5:colcon.colcon_core.verb:set package 'maze_navigator' build argument 'cmake_target' from command line to 'None'
[0.388s] Level 5:colcon.colcon_core.verb:set package 'maze_navigator' build argument 'cmake_target_skip_unavailable' from command line to 'False'
[0.388s] Level 5:colcon.colcon_core.verb:set package 'maze_navigator' build argument 'cmake_clean_cache' from command line to 'False'
[0.388s] Level 5:colcon.colcon_core.verb:set package 'maze_navigator' build argument 'cmake_clean_first' from command line to 'False'
[0.388s] Level 5:colcon.colcon_core.verb:set package 'maze_navigator' build argument 'cmake_force_configure' from command line to 'False'
[0.388s] Level 5:colcon.colcon_core.verb:set package 'maze_navigator' build argument 'ament_cmake_args' from command line to 'None'
[0.388s] Level 5:colcon.colcon_core.verb:set package 'maze_navigator' build argument 'catkin_cmake_args' from command line to 'None'
[0.388s] Level 5:colcon.colcon_core.verb:set package 'maze_navigator' build argument 'catkin_skip_building_tests' from command line to 'False'
[0.388s] DEBUG:colcon.colcon_core.verb:Building package 'maze_navigator' with the following arguments: {'ament_cmake_args': None, 'build_base': '/home/salma/ros2_sb/build/maze_navigator', 'catkin_cmake_args': None, 'catkin_skip_building_tests': False, 'cmake_args': None, 'cmake_clean_cache': False, 'cmake_clean_first': False, 'cmake_force_configure': False, 'cmake_target': None, 'cmake_target_skip_unavailable': False, 'install_base': '/home/salma/ros2_sb/install/maze_navigator', 'merge_install': False, 'path': '/home/salma/ros2_sb/src/maze_navigator', 'symlink_install': False, 'test_result_base': None}
[0.388s] Level 5:colcon.colcon_core.verb:set package 'self_balancing_bot' build argument 'cmake_args' from command line to 'None'
[0.389s] Level 5:colcon.colcon_core.verb:set package 'self_balancing_bot' build argument 'cmake_target' from command line to 'None'
[0.389s] Level 5:colcon.colcon_core.verb:set package 'self_balancing_bot' build argument 'cmake_target_skip_unavailable' from command line to 'False'
[0.389s] Level 5:colcon.colcon_core.verb:set package 'self_balancing_bot' build argument 'cmake_clean_cache' from command line to 'False'
[0.389s] Level 5:colcon.colcon_core.verb:set package 'self_balancing_bot' build argument 'cmake_clean_first' from command line to 'False'
[0.389s] Level 5:colcon.colcon_core.verb:set package 'self_balancing_bot' build argument 'cmake_force_configure' from command line to 'False'
[0.389s] Level 5:colcon.colcon_core.verb:set package 'self_balancing_bot' build argument 'ament_cmake_args' from command line to 'None'
[0.389s] Level 5:colcon.colcon_core.verb:set package 'self_balancing_bot' build argument 'catkin_cmake_args' from command line to 'None'
[0.389s] Level 5:colcon.colcon_core.verb:set package 'self_balancing_bot' build argument 'catkin_skip_building_tests' from command line to 'False'
[0.389s] DEBUG:colcon.colcon_core.verb:Building package 'self_balancing_bot' with the following arguments: {'ament_cmake_args': None, 'build_base': '/home/salma/ros2_sb/build/self_balancing_bot', 'catkin_cmake_args': None, 'catkin_skip_building_tests': False, 'cmake_args': None, 'cmake_clean_cache': False, 'cmake_clean_first': False, 'cmake_force_configure': False, 'cmake_target': None, 'cmake_target_skip_unavailable': False, 'install_base': '/home/salma/ros2_sb/install/self_balancing_bot', 'merge_install': False, 'path': '/home/salma/ros2_sb/src/self_balancing_bot', 'symlink_install': False, 'test_result_base': None}
[0.389s] Level 5:colcon.colcon_core.verb:set package 'tf_transformations' build argument 'cmake_args' from command line to 'None'
[0.389s] Level 5:colcon.colcon_core.verb:set package 'tf_transformations' build argument 'cmake_target' from command line to 'None'
[0.389s] Level 5:colcon.colcon_core.verb:set package 'tf_transformations' build argument 'cmake_target_skip_unavailable' from command line to 'False'
[0.389s] Level 5:colcon.colcon_core.verb:set package 'tf_transformations' build argument 'cmake_clean_cache' from command line to 'False'
[0.389s] Level 5:colcon.colcon_core.verb:set package 'tf_transformations' build argument 'cmake_clean_first' from command line to 'False'
[0.389s] Level 5:colcon.colcon_core.verb:set package 'tf_transformations' build argument 'cmake_force_configure' from command line to 'False'
[0.389s] Level 5:colcon.colcon_core.verb:set package 'tf_transformations' build argument 'ament_cmake_args' from command line to 'None'
[0.389s] Level 5:colcon.colcon_core.verb:set package 'tf_transformations' build argument 'catkin_cmake_args' from command line to 'None'
[0.389s] Level 5:colcon.colcon_core.verb:set package 'tf_transformations' build argument 'catkin_skip_building_tests' from command line to 'False'
[0.389s] DEBUG:colcon.colcon_core.verb:Building package 'tf_transformations' with the following arguments: {'ament_cmake_args': None, 'build_base': '/home/salma/ros2_sb/build/tf_transformations', 'catkin_cmake_args': None, 'catkin_skip_building_tests': False, 'cmake_args': None, 'cmake_clean_cache': False, 'cmake_clean_first': False, 'cmake_force_configure': False, 'cmake_target': None, 'cmake_target_skip_unavailable': False, 'install_base': '/home/salma/ros2_sb/install/tf_transformations', 'merge_install': False, 'path': '/home/salma/ros2_sb/src/tf_transformations', 'symlink_install': False, 'test_result_base': None}
[0.390s] INFO:colcon.colcon_core.executor:Executing jobs using 'parallel' executor
[0.391s] DEBUG:colcon.colcon_parallel_executor.executor.parallel:run_until_complete
[0.391s] INFO:colcon.colcon_ros.task.ament_python.build:Building ROS package in '/home/salma/ros2_sb/src/maze_navigator' with build type 'ament_python'
[0.391s] Level 1:colcon.colcon_core.shell:create_environment_hook('maze_navigator', 'ament_prefix_path')
[0.396s] INFO:colcon.colcon_core.plugin_system:Skipping extension 'colcon_core.shell.bat': Not used on non-Windows systems
[0.396s] INFO:colcon.colcon_core.shell:Creating environment hook '/home/salma/ros2_sb/install/maze_navigator/share/maze_navigator/hook/ament_prefix_path.ps1'
[0.397s] INFO:colcon.colcon_core.shell:Creating environment descriptor '/home/salma/ros2_sb/install/maze_navigator/share/maze_navigator/hook/ament_prefix_path.dsv'
[0.397s] INFO:colcon.colcon_core.shell:Creating environment hook '/home/salma/ros2_sb/install/maze_navigator/share/maze_navigator/hook/ament_prefix_path.sh'
[0.398s] INFO:colcon.colcon_core.shell:Skip shell extension 'powershell' for command environment: Not usable outside of PowerShell
[0.398s] DEBUG:colcon.colcon_core.shell:Skip shell extension 'dsv' for command environment
[0.406s] INFO:colcon.colcon_ros.task.ament_python.build:Building ROS package in '/home/salma/ros2_sb/src/self_balancing_bot' with build type 'ament_python'
[0.406s] Level 1:colcon.colcon_core.shell:create_environment_hook('self_balancing_bot', 'ament_prefix_path')
[0.407s] INFO:colcon.colcon_core.shell:Creating environment hook '/home/salma/ros2_sb/install/self_balancing_bot/share/self_balancing_bot/hook/ament_prefix_path.ps1'
[0.408s] INFO:colcon.colcon_core.shell:Creating environment descriptor '/home/salma/ros2_sb/install/self_balancing_bot/share/self_balancing_bot/hook/ament_prefix_path.dsv'
[0.408s] INFO:colcon.colcon_core.shell:Creating environment hook '/home/salma/ros2_sb/install/self_balancing_bot/share/self_balancing_bot/hook/ament_prefix_path.sh'
[0.409s] INFO:colcon.colcon_core.shell:Skip shell extension 'powershell' for command environment: Not usable outside of PowerShell
[0.409s] DEBUG:colcon.colcon_core.shell:Skip shell extension 'dsv' for command environment
[0.414s] INFO:colcon.colcon_ros.task.ament_python.build:Building ROS package in '/home/salma/ros2_sb/src/tf_transformations' with build type 'ament_python'
[0.414s] Level 1:colcon.colcon_core.shell:create_environment_hook('tf_transformations', 'ament_prefix_path')
[0.414s] INFO:colcon.colcon_core.shell:Creating environment hook '/home/salma/ros2_sb/install/tf_transformations/share/tf_transformations/hook/ament_prefix_path.ps1'
[0.415s] INFO:colcon.colcon_core.shell:Creating environment descriptor '/home/salma/ros2_sb/install/tf_transformations/share/tf_transformations/hook/ament_prefix_path.dsv'
[0.415s] INFO:colcon.colcon_core.shell:Creating environment hook '/home/salma/ros2_sb/install/tf_transformations/share/tf_transformations/hook/ament_prefix_path.sh'
[0.416s] INFO:colcon.colcon_core.shell:Skip shell extension 'powershell' for command environment: Not usable outside of PowerShell
[0.416s] DEBUG:colcon.colcon_core.shell:Skip shell extension 'dsv' for command environment
[0.787s] INFO:colcon.colcon_core.task.python.build:Building Python package in '/home/salma/ros2_sb/src/maze_navigator'
[0.787s] INFO:colcon.colcon_core.shell:Skip shell extension 'powershell' for command environment: Not usable outside of PowerShell
[0.787s] DEBUG:colcon.colcon_core.shell:Skip shell extension 'dsv' for command environment
[1.063s] INFO:colcon.colcon_core.task.python.build:Building Python package in '/home/salma/ros2_sb/src/self_balancing_bot'
[1.063s] INFO:colcon.colcon_core.shell:Skip shell extension 'powershell' for command environment: Not usable outside of PowerShell
[1.063s] DEBUG:colcon.colcon_core.shell:Skip shell extension 'dsv' for command environment
[1.316s] INFO:colcon.colcon_core.task.python.build:Building Python package in '/home/salma/ros2_sb/src/tf_transformations'
[1.316s] INFO:colcon.colcon_core.shell:Skip shell extension 'powershell' for command environment: Not usable outside of PowerShell
[1.316s] DEBUG:colcon.colcon_core.shell:Skip shell extension 'dsv' for command environment
[2.048s] DEBUG:colcon.colcon_core.event_handler.log_command:Invoking command in '/home/salma/ros2_sb/src/maze_navigator': DEBUGINFOD_URLS=https://debuginfod.ubuntu.com PYTHONPATH=/home/salma/ros2_sb/build/maze_navigator/prefix_override:/usr/lib/python3/dist-packages/colcon_core/task/python/colcon_distutils_commands:/home/salma/ros2_sb/install/maze_navigator/lib/python3.12/site-packages:${PYTHONPATH} /usr/bin/python3 -W ignore:setup.py install is deprecated -W ignore:easy_install command is deprecated setup.py egg_info --egg-base ../../build/maze_navigator build --build-base /home/salma/ros2_sb/build/maze_navigator/build install --record /home/salma/ros2_sb/build/maze_navigator/install.log --single-version-externally-managed install_data
[2.053s] DEBUG:colcon.colcon_core.event_handler.log_command:Invoking command in '/home/salma/ros2_sb/src/tf_transformations': DEBUGINFOD_URLS=https://debuginfod.ubuntu.com PYTHONPATH=/home/salma/ros2_sb/build/tf_transformations/prefix_override:/usr/lib/python3/dist-packages/colcon_core/task/python/colcon_distutils_commands:/home/salma/ros2_sb/install/tf_transformations/lib/python3.12/site-packages:${PYTHONPATH} /usr/bin/python3 -W ignore:setup.py install is deprecated -W ignore:easy_install command is deprecated setup.py egg_info --egg-base ../../build/tf_transformations build --build-base /home/salma/ros2_sb/build/tf_transformations/build install --record /home/salma/ros2_sb/build/tf_transformations/install.log --single-version-externally-managed install_data
[2.070s] DEBUG:colcon.colcon_core.event_handler.log_command:Invoking command in '/home/salma/ros2_sb/src/self_balancing_bot': DEBUGINFOD_URLS=https://debuginfod.ubuntu.com PYTHONPATH=/home/salma/ros2_sb/build/self_balancing_bot/prefix_override:/usr/lib/python3/dist-packages/colcon_core/task/python/colcon_distutils_commands:/home/salma/ros2_sb/install/self_balancing_bot/lib/python3.12/site-packages:${PYTHONPATH} /usr/bin/python3 -W ignore:setup.py install is deprecated -W ignore:easy_install command is deprecated setup.py egg_info --egg-base ../../build/self_balancing_bot build --build-base /home/salma/ros2_sb/build/self_balancing_bot/build install --record /home/salma/ros2_sb/build/self_balancing_bot/install.log --single-version-externally-managed install_data
[2.736s] DEBUG:colcon.colcon_core.event_handler.log_command:Invoked command in '/home/salma/ros2_sb/src/tf_transformations' returned '0': DEBUGINFOD_URLS=https://debuginfod.ubuntu.com PYTHONPATH=/home/salma/ros2_sb/build/tf_transformations/prefix_override:/usr/lib/python3/dist-packages/colcon_core/task/python/colcon_distutils_commands:/home/salma/ros2_sb/install/tf_transformations/lib/python3.12/site-packages:${PYTHONPATH} /usr/bin/python3 -W ignore:setup.py install is deprecated -W ignore:easy_install command is deprecated setup.py egg_info --egg-base ../../build/tf_transformations build --build-base /home/salma/ros2_sb/build/tf_transformations/build install --record /home/salma/ros2_sb/build/tf_transformations/install.log --single-version-externally-managed install_data
[2.740s] Level 1:colcon.colcon_core.environment:checking '/home/salma/ros2_sb/install/tf_transformations' for CMake module files
[2.740s] Level 1:colcon.colcon_core.environment:checking '/home/salma/ros2_sb/install/tf_transformations' for CMake config files
[2.741s] Level 1:colcon.colcon_core.environment:checking '/home/salma/ros2_sb/install/tf_transformations/lib'
[2.741s] Level 1:colcon.colcon_core.environment:checking '/home/salma/ros2_sb/install/tf_transformations/bin'
[2.742s] Level 1:colcon.colcon_core.environment:checking '/home/salma/ros2_sb/install/tf_transformations/lib/pkgconfig/tf_transformations.pc'
[2.742s] Level 1:colcon.colcon_core.environment:checking '/home/salma/ros2_sb/install/tf_transformations/lib/python3.12/site-packages'
[2.742s] Level 1:colcon.colcon_core.shell:create_environment_hook('tf_transformations', 'pythonpath')
[2.742s] INFO:colcon.colcon_core.shell:Creating environment hook '/home/salma/ros2_sb/install/tf_transformations/share/tf_transformations/hook/pythonpath.ps1'
[2.743s] INFO:colcon.colcon_core.shell:Creating environment descriptor '/home/salma/ros2_sb/install/tf_transformations/share/tf_transformations/hook/pythonpath.dsv'
[2.743s] INFO:colcon.colcon_core.shell:Creating environment hook '/home/salma/ros2_sb/install/tf_transformations/share/tf_transformations/hook/pythonpath.sh'
[2.744s] Level 1:colcon.colcon_core.environment:checking '/home/salma/ros2_sb/install/tf_transformations/bin'
[2.744s] Level 1:colcon.colcon_core.environment:create_environment_scripts_only(tf_transformations)
[2.745s] INFO:colcon.colcon_core.shell:Creating package script '/home/salma/ros2_sb/install/tf_transformations/share/tf_transformations/package.ps1'
[2.746s] INFO:colcon.colcon_core.shell:Creating package descriptor '/home/salma/ros2_sb/install/tf_transformations/share/tf_transformations/package.dsv'
[2.748s] INFO:colcon.colcon_core.shell:Creating package script '/home/salma/ros2_sb/install/tf_transformations/share/tf_transformations/package.sh'
[2.749s] INFO:colcon.colcon_core.shell:Creating package script '/home/salma/ros2_sb/install/tf_transformations/share/tf_transformations/package.bash'
[2.750s] INFO:colcon.colcon_core.shell:Creating package script '/home/salma/ros2_sb/install/tf_transformations/share/tf_transformations/package.zsh'
[2.751s] Level 1:colcon.colcon_core.environment:create_file_with_runtime_dependencies(/home/salma/ros2_sb/install/tf_transformations/share/colcon-core/packages/tf_transformations)
[2.765s] Level 1:colcon.colcon_core.environment:checking '/home/salma/ros2_sb/install/maze_navigator' for CMake module files
[2.766s] DEBUG:colcon.colcon_core.event_handler.log_command:Invoked command in '/home/salma/ros2_sb/src/maze_navigator' returned '0': DEBUGINFOD_URLS=https://debuginfod.ubuntu.com PYTHONPATH=/home/salma/ros2_sb/build/maze_navigator/prefix_override:/usr/lib/python3/dist-packages/colcon_core/task/python/colcon_distutils_commands:/home/salma/ros2_sb/install/maze_navigator/lib/python3.12/site-packages:${PYTHONPATH} /usr/bin/python3 -W ignore:setup.py install is deprecated -W ignore:easy_install command is deprecated setup.py egg_info --egg-base ../../build/maze_navigator build --build-base /home/salma/ros2_sb/build/maze_navigator/build install --record /home/salma/ros2_sb/build/maze_navigator/install.log --single-version-externally-managed install_data
[2.767s] Level 1:colcon.colcon_core.environment:checking '/home/salma/ros2_sb/install/maze_navigator' for CMake config files
[2.768s] Level 1:colcon.colcon_core.environment:checking '/home/salma/ros2_sb/install/maze_navigator/lib'
[2.768s] Level 1:colcon.colcon_core.environment:checking '/home/salma/ros2_sb/install/maze_navigator/bin'
[2.768s] Level 1:colcon.colcon_core.environment:checking '/home/salma/ros2_sb/install/maze_navigator/lib/pkgconfig/maze_navigator.pc'
[2.768s] Level 1:colcon.colcon_core.environment:checking '/home/salma/ros2_sb/install/maze_navigator/lib/python3.12/site-packages'
[2.769s] Level 1:colcon.colcon_core.shell:create_environment_hook('maze_navigator', 'pythonpath')
[2.769s] INFO:colcon.colcon_core.shell:Creating environment hook '/home/salma/ros2_sb/install/maze_navigator/share/maze_navigator/hook/pythonpath.ps1'
[2.769s] INFO:colcon.colcon_core.shell:Creating environment descriptor '/home/salma/ros2_sb/install/maze_navigator/share/maze_navigator/hook/pythonpath.dsv'
[2.770s] INFO:colcon.colcon_core.shell:Creating environment hook '/home/salma/ros2_sb/install/maze_navigator/share/maze_navigator/hook/pythonpath.sh'
[2.771s] Level 1:colcon.colcon_core.environment:checking '/home/salma/ros2_sb/install/maze_navigator/bin'
[2.771s] Level 1:colcon.colcon_core.environment:create_environment_scripts_only(maze_navigator)
[2.771s] INFO:colcon.colcon_core.shell:Creating package script '/home/salma/ros2_sb/install/maze_navigator/share/maze_navigator/package.ps1'
[2.772s] INFO:colcon.colcon_core.shell:Creating package descriptor '/home/salma/ros2_sb/install/maze_navigator/share/maze_navigator/package.dsv'
[2.772s] INFO:colcon.colcon_core.shell:Creating package script '/home/salma/ros2_sb/install/maze_navigator/share/maze_navigator/package.sh'
[2.773s] INFO:colcon.colcon_core.shell:Creating package script '/home/salma/ros2_sb/install/maze_navigator/share/maze_navigator/package.bash'
[2.773s] INFO:colcon.colcon_core.shell:Creating package script '/home/salma/ros2_sb/install/maze_navigator/share/maze_navigator/package.zsh'
[2.774s] Level 1:colcon.colcon_core.environment:create_file_with_runtime_dependencies(/home/salma/ros2_sb/install/maze_navigator/share/colcon-core/packages/maze_navigator)
[2.776s] Level 1:colcon.colcon_core.environment:checking '/home/salma/ros2_sb/install/self_balancing_bot' for CMake module files
[2.777s] DEBUG:colcon.colcon_core.event_handler.log_command:Invoked command in '/home/salma/ros2_sb/src/self_balancing_bot' returned '0': DEBUGINFOD_URLS=https://debuginfod.ubuntu.com PYTHONPATH=/home/salma/ros2_sb/build/self_balancing_bot/prefix_override:/usr/lib/python3/dist-packages/colcon_core/task/python/colcon_distutils_commands:/home/salma/ros2_sb/install/self_balancing_bot/lib/python3.12/site-packages:${PYTHONPATH} /usr/bin/python3 -W ignore:setup.py install is deprecated -W ignore:easy_install command is deprecated setup.py egg_info --egg-base ../../build/self_balancing_bot build --build-base /home/salma/ros2_sb/build/self_balancing_bot/build install --record /home/salma/ros2_sb/build/self_balancing_bot/install.log --single-version-externally-managed install_data
[2.778s] Level 1:colcon.colcon_core.environment:checking '/home/salma/ros2_sb/install/self_balancing_bot' for CMake config files
[2.779s] Level 1:colcon.colcon_core.environment:checking '/home/salma/ros2_sb/install/self_balancing_bot/lib'
[2.779s] Level 1:colcon.colcon_core.environment:checking '/home/salma/ros2_sb/install/self_balancing_bot/bin'
[2.779s] Level 1:colcon.colcon_core.environment:checking '/home/salma/ros2_sb/install/self_balancing_bot/lib/pkgconfig/self_balancing_bot.pc'
[2.779s] Level 1:colcon.colcon_core.environment:checking '/home/salma/ros2_sb/install/self_balancing_bot/lib/python3.12/site-packages'
[2.779s] Level 1:colcon.colcon_core.shell:create_environment_hook('self_balancing_bot', 'pythonpath')
[2.780s] INFO:colcon.colcon_core.shell:Creating environment hook '/home/salma/ros2_sb/install/self_balancing_bot/share/self_balancing_bot/hook/pythonpath.ps1'
[2.780s] INFO:colcon.colcon_core.shell:Creating environment descriptor '/home/salma/ros2_sb/install/self_balancing_bot/share/self_balancing_bot/hook/pythonpath.dsv'
[2.781s] INFO:colcon.colcon_core.shell:Creating environment hook '/home/salma/ros2_sb/install/self_balancing_bot/share/self_balancing_bot/hook/pythonpath.sh'
[2.781s] Level 1:colcon.colcon_core.environment:checking '/home/salma/ros2_sb/install/self_balancing_bot/bin'
[2.782s] Level 1:colcon.colcon_core.environment:create_environment_scripts_only(self_balancing_bot)
[2.782s] INFO:colcon.colcon_core.shell:Creating package script '/home/salma/ros2_sb/install/self_balancing_bot/share/self_balancing_bot/package.ps1'
[2.783s] INFO:colcon.colcon_core.shell:Creating package descriptor '/home/salma/ros2_sb/install/self_balancing_bot/share/self_balancing_bot/package.dsv'
[2.783s] INFO:colcon.colcon_core.shell:Creating package script '/home/salma/ros2_sb/install/self_balancing_bot/share/self_balancing_bot/package.sh'
[2.784s] INFO:colcon.colcon_core.shell:Creating package script '/home/salma/ros2_sb/install/self_balancing_bot/share/self_balancing_bot/package.bash'
[2.784s] INFO:colcon.colcon_core.shell:Creating package script '/home/salma/ros2_sb/install/self_balancing_bot/share/self_balancing_bot/package.zsh'
[2.785s] Level 1:colcon.colcon_core.environment:create_file_with_runtime_dependencies(/home/salma/ros2_sb/install/self_balancing_bot/share/colcon-core/packages/self_balancing_bot)
[2.785s] DEBUG:colcon.colcon_parallel_executor.executor.parallel:closing loop
[2.785s] DEBUG:colcon.colcon_parallel_executor.executor.parallel:loop closed
[2.786s] DEBUG:colcon.colcon_parallel_executor.executor.parallel:run_until_complete finished with '0'
[2.786s] DEBUG:colcon.colcon_core.event_reactor:joining thread
[2.794s] INFO:colcon.colcon_core.plugin_system:Skipping extension 'colcon_notification.desktop_notification.terminal_notifier': Not used on non-Darwin systems
[2.794s] INFO:colcon.colcon_core.plugin_system:Skipping extension 'colcon_notification.desktop_notification.win32': Not used on non-Windows systems
[2.794s] INFO:colcon.colcon_notification.desktop_notification:Sending desktop notification using 'notify2'
[2.813s] DEBUG:colcon.colcon_core.event_reactor:joined thread
[2.813s] INFO:colcon.colcon_core.shell:Creating prefix script '/home/salma/ros2_sb/install/local_setup.ps1'
[2.814s] INFO:colcon.colcon_core.shell:Creating prefix util module '/home/salma/ros2_sb/install/_local_setup_util_ps1.py'
[2.816s] INFO:colcon.colcon_core.shell:Creating prefix chain script '/home/salma/ros2_sb/install/setup.ps1'
[2.817s] INFO:colcon.colcon_core.shell:Creating prefix script '/home/salma/ros2_sb/install/local_setup.sh'
[2.818s] INFO:colcon.colcon_core.shell:Creating prefix util module '/home/salma/ros2_sb/install/_local_setup_util_sh.py'
[2.818s] INFO:colcon.colcon_core.shell:Creating prefix chain script '/home/salma/ros2_sb/install/setup.sh'
[2.820s] INFO:colcon.colcon_core.shell:Creating prefix script '/home/salma/ros2_sb/install/local_setup.bash'
[2.820s] INFO:colcon.colcon_core.shell:Creating prefix chain script '/home/salma/ros2_sb/install/setup.bash'
[2.821s] INFO:colcon.colcon_core.shell:Creating prefix script '/home/salma/ros2_sb/install/local_setup.zsh'
[2.822s] INFO:colcon.colcon_core.shell:Creating prefix chain script '/home/salma/ros2_sb/install/setup.zsh'
