/home/salma/ros2_sb/install/self_balancing_bot/lib/python3.12/site-packages/self_balancing_bot/balance_controller.py
/home/salma/ros2_sb/install/self_balancing_bot/lib/python3.12/site-packages/self_balancing_bot/static_map_publisher.py
/home/salma/ros2_sb/install/self_balancing_bot/lib/python3.12/site-packages/self_balancing_bot/__init__.py
/home/salma/ros2_sb/install/self_balancing_bot/lib/python3.12/site-packages/self_balancing_bot/dynamic_tf_publisher.py
/home/salma/ros2_sb/install/self_balancing_bot/lib/python3.12/site-packages/self_balancing_bot/path_publisher.py
/home/salma/ros2_sb/install/self_balancing_bot/lib/python3.12/site-packages/self_balancing_bot/map_publisher.py
/home/salma/ros2_sb/install/self_balancing_bot/lib/python3.12/site-packages/self_balancing_bot/__pycache__/balance_controller.cpython-312.pyc
/home/salma/ros2_sb/install/self_balancing_bot/lib/python3.12/site-packages/self_balancing_bot/__pycache__/static_map_publisher.cpython-312.pyc
/home/salma/ros2_sb/install/self_balancing_bot/lib/python3.12/site-packages/self_balancing_bot/__pycache__/__init__.cpython-312.pyc
/home/salma/ros2_sb/install/self_balancing_bot/lib/python3.12/site-packages/self_balancing_bot/__pycache__/dynamic_tf_publisher.cpython-312.pyc
/home/salma/ros2_sb/install/self_balancing_bot/lib/python3.12/site-packages/self_balancing_bot/__pycache__/path_publisher.cpython-312.pyc
/home/salma/ros2_sb/install/self_balancing_bot/lib/python3.12/site-packages/self_balancing_bot/__pycache__/map_publisher.cpython-312.pyc
/home/salma/ros2_sb/install/self_balancing_bot/share/ament_index/resource_index/packages/self_balancing_bot
/home/salma/ros2_sb/install/self_balancing_bot/share/self_balancing_bot/package.xml
/home/salma/ros2_sb/install/self_balancing_bot/share/self_balancing_bot/launch/gazebo_bridge.launch.py
/home/salma/ros2_sb/install/self_balancing_bot/share/self_balancing_bot/worlds/world.sdf
/home/salma/ros2_sb/install/self_balancing_bot/share/self_balancing_bot/worlds/map.pgm
/home/salma/ros2_sb/install/self_balancing_bot/share/self_balancing_bot/worlds/map.yaml
/home/salma/ros2_sb/install/self_balancing_bot/share/self_balancing_bot/urdf/self_balancing_bot.sdf
/home/salma/ros2_sb/install/self_balancing_bot/share/self_balancing_bot/rviz/self_balancing_bot.rviz
/home/salma/ros2_sb/install/self_balancing_bot/lib/python3.12/site-packages/self_balancing_bot-0.0.0-py3.12.egg-info/SOURCES.txt
/home/salma/ros2_sb/install/self_balancing_bot/lib/python3.12/site-packages/self_balancing_bot-0.0.0-py3.12.egg-info/dependency_links.txt
/home/salma/ros2_sb/install/self_balancing_bot/lib/python3.12/site-packages/self_balancing_bot-0.0.0-py3.12.egg-info/top_level.txt
/home/salma/ros2_sb/install/self_balancing_bot/lib/python3.12/site-packages/self_balancing_bot-0.0.0-py3.12.egg-info/entry_points.txt
/home/salma/ros2_sb/install/self_balancing_bot/lib/python3.12/site-packages/self_balancing_bot-0.0.0-py3.12.egg-info/PKG-INFO
/home/salma/ros2_sb/install/self_balancing_bot/lib/python3.12/site-packages/self_balancing_bot-0.0.0-py3.12.egg-info/requires.txt
/home/salma/ros2_sb/install/self_balancing_bot/lib/python3.12/site-packages/self_balancing_bot-0.0.0-py3.12.egg-info/zip-safe
/home/salma/ros2_sb/install/self_balancing_bot/lib/self_balancing_bot/balance_controller
/home/salma/ros2_sb/install/self_balancing_bot/lib/self_balancing_bot/dynamic_tf_publisher
/home/salma/ros2_sb/install/self_balancing_bot/lib/self_balancing_bot/map_publisher
/home/salma/ros2_sb/install/self_balancing_bot/lib/self_balancing_bot/path_publisher
/home/salma/ros2_sb/install/self_balancing_bot/lib/self_balancing_bot/static_map_publisher
