[7.887s] Invoking command in '/home/salma/ros2_sb/src/self_balancing_bot': DEBUGINFOD_URLS=https://debuginfod.ubuntu.com PYTHONPATH=/home/salma/ros2_sb/build/self_balancing_bot/prefix_override:/usr/lib/python3/dist-packages/colcon_core/task/python/colcon_distutils_commands:/home/salma/ros2_sb/install/self_balancing_bot/lib/python3.12/site-packages:${PYTHONPATH} /usr/bin/python3 -W ignore:setup.py install is deprecated -W ignore:easy_install command is deprecated setup.py egg_info --egg-base ../../build/self_balancing_bot build --build-base /home/salma/ros2_sb/build/self_balancing_bot/build install --record /home/salma/ros2_sb/build/self_balancing_bot/install.log --single-version-externally-managed install_data
[9.583s] running egg_info
[9.708s] writing ../../build/self_balancing_bot/self_balancing_bot.egg-info/PKG-INFO
[9.709s] writing dependency_links to ../../build/self_balancing_bot/self_balancing_bot.egg-info/dependency_links.txt
[9.710s] writing entry points to ../../build/self_balancing_bot/self_balancing_bot.egg-info/entry_points.txt
[9.711s] writing requirements to ../../build/self_balancing_bot/self_balancing_bot.egg-info/requires.txt
[9.711s] writing top-level names to ../../build/self_balancing_bot/self_balancing_bot.egg-info/top_level.txt
[9.969s] reading manifest file '../../build/self_balancing_bot/self_balancing_bot.egg-info/SOURCES.txt'
[9.970s] adding license file 'LICENSE'
[9.973s] writing manifest file '../../build/self_balancing_bot/self_balancing_bot.egg-info/SOURCES.txt'
[9.974s] running build
[9.975s] running build_py
[9.975s] copying self_balancing_bot/balance_controller.py -> /home/salma/ros2_sb/build/self_balancing_bot/build/lib/self_balancing_bot
[9.976s] copying self_balancing_bot/static_map_publisher.py -> /home/salma/ros2_sb/build/self_balancing_bot/build/lib/self_balancing_bot
[9.977s] running install
[10.018s] running install_lib
[10.219s] copying /home/salma/ros2_sb/build/self_balancing_bot/build/lib/self_balancing_bot/balance_controller.py -> /home/salma/ros2_sb/install/self_balancing_bot/lib/python3.12/site-packages/self_balancing_bot
[10.220s] copying /home/salma/ros2_sb/build/self_balancing_bot/build/lib/self_balancing_bot/static_map_publisher.py -> /home/salma/ros2_sb/install/self_balancing_bot/lib/python3.12/site-packages/self_balancing_bot
[10.224s] byte-compiling /home/salma/ros2_sb/install/self_balancing_bot/lib/python3.12/site-packages/self_balancing_bot/balance_controller.py to balance_controller.cpython-312.pyc
[10.234s] byte-compiling /home/salma/ros2_sb/install/self_balancing_bot/lib/python3.12/site-packages/self_balancing_bot/static_map_publisher.py to static_map_publisher.cpython-312.pyc
[10.249s] running install_data
[10.260s] running install_egg_info
[10.446s] removing '/home/salma/ros2_sb/install/self_balancing_bot/lib/python3.12/site-packages/self_balancing_bot-0.0.0-py3.12.egg-info' (and everything under it)
[10.447s] Copying ../../build/self_balancing_bot/self_balancing_bot.egg-info to /home/salma/ros2_sb/install/self_balancing_bot/lib/python3.12/site-packages/self_balancing_bot-0.0.0-py3.12.egg-info
[10.460s] running install_scripts
[11.532s] Installing balance_controller script to /home/salma/ros2_sb/install/self_balancing_bot/lib/self_balancing_bot
[11.533s] Installing dynamic_tf_publisher script to /home/salma/ros2_sb/install/self_balancing_bot/lib/self_balancing_bot
[11.534s] Installing static_map_publisher script to /home/salma/ros2_sb/install/self_balancing_bot/lib/self_balancing_bot
[11.534s] writing list of installed files to '/home/salma/ros2_sb/build/self_balancing_bot/install.log'
[11.681s] Invoked command in '/home/salma/ros2_sb/src/self_balancing_bot' returned '0': DEBUGINFOD_URLS=https://debuginfod.ubuntu.com PYTHONPATH=/home/salma/ros2_sb/build/self_balancing_bot/prefix_override:/usr/lib/python3/dist-packages/colcon_core/task/python/colcon_distutils_commands:/home/salma/ros2_sb/install/self_balancing_bot/lib/python3.12/site-packages:${PYTHONPATH} /usr/bin/python3 -W ignore:setup.py install is deprecated -W ignore:easy_install command is deprecated setup.py egg_info --egg-base ../../build/self_balancing_bot build --build-base /home/salma/ros2_sb/build/self_balancing_bot/build install --record /home/salma/ros2_sb/build/self_balancing_bot/install.log --single-version-externally-managed install_data
