[0.610s] DEBUG:colcon:Command line arguments: ['/usr/bin/colcon', 'build']
[0.611s] DEBUG:colcon:Parsed command line arguments: Namespace(log_base=None, log_level=None, verb_name='build', build_base='build', install_base='install', merge_install=False, symlink_install=False, test_result_base=None, continue_on_error=False, executor='parallel', parallel_workers=8, event_handlers=None, ignore_user_meta=False, metas=['./colcon.meta'], base_paths=['.'], packages_ignore=None, packages_ignore_regex=None, paths=None, packages_up_to=None, packages_up_to_regex=None, packages_above=None, packages_above_and_dependencies=None, packages_above_depth=None, packages_select_by_dep=None, packages_skip_by_dep=None, packages_skip_up_to=None, packages_select_build_failed=False, packages_skip_build_finished=False, packages_select_test_failures=False, packages_skip_test_passed=False, packages_select=None, packages_skip=None, packages_select_regex=None, packages_skip_regex=None, packages_start=None, packages_end=None, allow_overriding=[], cmake_args=None, cmake_target=None, cmake_target_skip_unavailable=False, cmake_clean_cache=False, cmake_clean_first=False, cmake_force_configure=False, ament_cmake_args=None, catkin_cmake_args=None, catkin_skip_building_tests=False, mixin_files=None, mixin=None, verb_parser=<colcon_mixin.mixin.mixin_argument.MixinArgumentDecorator object at 0x7d070b894ef0>, verb_extension=<colcon_core.verb.build.BuildVerb object at 0x7d070b894c20>, main=<bound method BuildVerb.main of <colcon_core.verb.build.BuildVerb object at 0x7d070b894c20>>, mixin_verb=('build',))
[0.814s] Level 1:colcon.colcon_core.package_discovery:discover_packages(colcon_meta) check parameters
[0.814s] Level 1:colcon.colcon_core.package_discovery:discover_packages(recursive) check parameters
[0.814s] Level 1:colcon.colcon_core.package_discovery:discover_packages(ignore) check parameters
[0.815s] Level 1:colcon.colcon_core.package_discovery:discover_packages(path) check parameters
[0.815s] Level 1:colcon.colcon_core.package_discovery:discover_packages(colcon_meta) discover
[0.815s] Level 1:colcon.colcon_core.package_discovery:discover_packages(recursive) discover
[0.816s] INFO:colcon.colcon_core.package_discovery:Crawling recursively for packages in '/home/salma/ros2_sb'
[0.816s] Level 1:colcon.colcon_core.package_identification:_identify(.) by extensions ['ignore', 'ignore_ament_install']
[0.817s] Level 1:colcon.colcon_core.package_identification:_identify(.) by extension 'ignore'
[0.817s] Level 1:colcon.colcon_core.package_identification:_identify(.) by extension 'ignore_ament_install'
[0.817s] Level 1:colcon.colcon_core.package_identification:_identify(.) by extensions ['colcon_pkg']
[0.817s] Level 1:colcon.colcon_core.package_identification:_identify(.) by extension 'colcon_pkg'
[0.818s] Level 1:colcon.colcon_core.package_identification:_identify(.) by extensions ['colcon_meta']
[0.818s] Level 1:colcon.colcon_core.package_identification:_identify(.) by extension 'colcon_meta'
[0.818s] Level 1:colcon.colcon_core.package_identification:_identify(.) by extensions ['ros']
[0.818s] Level 1:colcon.colcon_core.package_identification:_identify(.) by extension 'ros'
[0.951s] Level 1:colcon.colcon_core.package_identification:_identify(.) by extensions ['cmake', 'python']
[0.952s] Level 1:colcon.colcon_core.package_identification:_identify(.) by extension 'cmake'
[0.952s] Level 1:colcon.colcon_core.package_identification:_identify(.) by extension 'python'
[0.953s] Level 1:colcon.colcon_core.package_identification:_identify(.) by extensions ['python_setup_py']
[0.953s] Level 1:colcon.colcon_core.package_identification:_identify(.) by extension 'python_setup_py'
[0.954s] Level 1:colcon.colcon_core.package_identification:_identify(build) by extensions ['ignore', 'ignore_ament_install']
[0.954s] Level 1:colcon.colcon_core.package_identification:_identify(build) by extension 'ignore'
[0.955s] Level 1:colcon.colcon_core.package_identification:_identify(build) ignored
[0.956s] Level 1:colcon.colcon_core.package_identification:_identify(install) by extensions ['ignore', 'ignore_ament_install']
[0.956s] Level 1:colcon.colcon_core.package_identification:_identify(install) by extension 'ignore'
[0.957s] Level 1:colcon.colcon_core.package_identification:_identify(install) ignored
[0.957s] Level 1:colcon.colcon_core.package_identification:_identify(log) by extensions ['ignore', 'ignore_ament_install']
[0.958s] Level 1:colcon.colcon_core.package_identification:_identify(log) by extension 'ignore'
[0.958s] Level 1:colcon.colcon_core.package_identification:_identify(log) ignored
[0.959s] Level 1:colcon.colcon_core.package_identification:_identify(src) by extensions ['ignore', 'ignore_ament_install']
[0.960s] Level 1:colcon.colcon_core.package_identification:_identify(src) by extension 'ignore'
[0.960s] Level 1:colcon.colcon_core.package_identification:_identify(src) by extension 'ignore_ament_install'
[0.961s] Level 1:colcon.colcon_core.package_identification:_identify(src) by extensions ['colcon_pkg']
[0.961s] Level 1:colcon.colcon_core.package_identification:_identify(src) by extension 'colcon_pkg'
[0.961s] Level 1:colcon.colcon_core.package_identification:_identify(src) by extensions ['colcon_meta']
[0.961s] Level 1:colcon.colcon_core.package_identification:_identify(src) by extension 'colcon_meta'
[0.962s] Level 1:colcon.colcon_core.package_identification:_identify(src) by extensions ['ros']
[0.962s] Level 1:colcon.colcon_core.package_identification:_identify(src) by extension 'ros'
[0.963s] Level 1:colcon.colcon_core.package_identification:_identify(src) by extensions ['cmake', 'python']
[0.963s] Level 1:colcon.colcon_core.package_identification:_identify(src) by extension 'cmake'
[0.963s] Level 1:colcon.colcon_core.package_identification:_identify(src) by extension 'python'
[0.964s] Level 1:colcon.colcon_core.package_identification:_identify(src) by extensions ['python_setup_py']
[0.964s] Level 1:colcon.colcon_core.package_identification:_identify(src) by extension 'python_setup_py'
[0.965s] Level 1:colcon.colcon_core.package_identification:_identify(src/maze_navigator) by extensions ['ignore', 'ignore_ament_install']
[0.965s] Level 1:colcon.colcon_core.package_identification:_identify(src/maze_navigator) by extension 'ignore'
[0.966s] Level 1:colcon.colcon_core.package_identification:_identify(src/maze_navigator) by extension 'ignore_ament_install'
[0.966s] Level 1:colcon.colcon_core.package_identification:_identify(src/maze_navigator) by extensions ['colcon_pkg']
[0.966s] Level 1:colcon.colcon_core.package_identification:_identify(src/maze_navigator) by extension 'colcon_pkg'
[0.967s] Level 1:colcon.colcon_core.package_identification:_identify(src/maze_navigator) by extensions ['colcon_meta']
[0.967s] Level 1:colcon.colcon_core.package_identification:_identify(src/maze_navigator) by extension 'colcon_meta'
[0.967s] Level 1:colcon.colcon_core.package_identification:_identify(src/maze_navigator) by extensions ['ros']
[0.968s] Level 1:colcon.colcon_core.package_identification:_identify(src/maze_navigator) by extension 'ros'
[0.981s] DEBUG:colcon.colcon_core.package_identification:Package 'src/maze_navigator' with type 'ros.ament_python' and name 'maze_navigator'
[0.981s] Level 1:colcon.colcon_core.package_identification:_identify(src/self_balancing_bot) by extensions ['ignore', 'ignore_ament_install']
[0.982s] Level 1:colcon.colcon_core.package_identification:_identify(src/self_balancing_bot) by extension 'ignore'
[0.982s] Level 1:colcon.colcon_core.package_identification:_identify(src/self_balancing_bot) by extension 'ignore_ament_install'
[0.983s] Level 1:colcon.colcon_core.package_identification:_identify(src/self_balancing_bot) by extensions ['colcon_pkg']
[0.983s] Level 1:colcon.colcon_core.package_identification:_identify(src/self_balancing_bot) by extension 'colcon_pkg'
[0.983s] Level 1:colcon.colcon_core.package_identification:_identify(src/self_balancing_bot) by extensions ['colcon_meta']
[0.983s] Level 1:colcon.colcon_core.package_identification:_identify(src/self_balancing_bot) by extension 'colcon_meta'
[0.983s] Level 1:colcon.colcon_core.package_identification:_identify(src/self_balancing_bot) by extensions ['ros']
[0.984s] Level 1:colcon.colcon_core.package_identification:_identify(src/self_balancing_bot) by extension 'ros'
[0.986s] DEBUG:colcon.colcon_core.package_identification:Package 'src/self_balancing_bot' with type 'ros.ament_python' and name 'self_balancing_bot'
[0.986s] Level 1:colcon.colcon_core.package_identification:_identify(src/tf_transformations) by extensions ['ignore', 'ignore_ament_install']
[0.986s] Level 1:colcon.colcon_core.package_identification:_identify(src/tf_transformations) by extension 'ignore'
[0.987s] Level 1:colcon.colcon_core.package_identification:_identify(src/tf_transformations) by extension 'ignore_ament_install'
[0.987s] Level 1:colcon.colcon_core.package_identification:_identify(src/tf_transformations) by extensions ['colcon_pkg']
[0.987s] Level 1:colcon.colcon_core.package_identification:_identify(src/tf_transformations) by extension 'colcon_pkg'
[0.988s] Level 1:colcon.colcon_core.package_identification:_identify(src/tf_transformations) by extensions ['colcon_meta']
[0.988s] Level 1:colcon.colcon_core.package_identification:_identify(src/tf_transformations) by extension 'colcon_meta'
[0.988s] Level 1:colcon.colcon_core.package_identification:_identify(src/tf_transformations) by extensions ['ros']
[0.988s] Level 1:colcon.colcon_core.package_identification:_identify(src/tf_transformations) by extension 'ros'
[0.991s] DEBUG:colcon.colcon_core.package_identification:Package 'src/tf_transformations' with type 'ros.ament_python' and name 'tf_transformations'
[0.991s] Level 1:colcon.colcon_core.package_discovery:discover_packages(recursive) using defaults
[0.991s] Level 1:colcon.colcon_core.package_discovery:discover_packages(ignore) discover
[0.991s] Level 1:colcon.colcon_core.package_discovery:discover_packages(ignore) using defaults
[0.992s] Level 1:colcon.colcon_core.package_discovery:discover_packages(path) discover
[0.992s] Level 1:colcon.colcon_core.package_discovery:discover_packages(path) using defaults
[1.083s] Level 1:colcon.colcon_core.package_discovery:discover_packages(prefix_path) check parameters
[1.083s] Level 1:colcon.colcon_core.package_discovery:discover_packages(prefix_path) discover
[1.093s] DEBUG:colcon.colcon_installed_package_information.package_discovery:Found 3 installed packages in /home/salma/ros2_sb/install
[1.102s] DEBUG:colcon.colcon_installed_package_information.package_discovery:Found 337 installed packages in /opt/ros/jazzy
[1.107s] Level 1:colcon.colcon_core.package_discovery:discover_packages(prefix_path) using defaults
[1.396s] Level 5:colcon.colcon_core.verb:set package 'maze_navigator' build argument 'cmake_args' from command line to 'None'
[1.396s] Level 5:colcon.colcon_core.verb:set package 'maze_navigator' build argument 'cmake_target' from command line to 'None'
[1.396s] Level 5:colcon.colcon_core.verb:set package 'maze_navigator' build argument 'cmake_target_skip_unavailable' from command line to 'False'
[1.396s] Level 5:colcon.colcon_core.verb:set package 'maze_navigator' build argument 'cmake_clean_cache' from command line to 'False'
[1.397s] Level 5:colcon.colcon_core.verb:set package 'maze_navigator' build argument 'cmake_clean_first' from command line to 'False'
[1.397s] Level 5:colcon.colcon_core.verb:set package 'maze_navigator' build argument 'cmake_force_configure' from command line to 'False'
[1.397s] Level 5:colcon.colcon_core.verb:set package 'maze_navigator' build argument 'ament_cmake_args' from command line to 'None'
[1.397s] Level 5:colcon.colcon_core.verb:set package 'maze_navigator' build argument 'catkin_cmake_args' from command line to 'None'
[1.397s] Level 5:colcon.colcon_core.verb:set package 'maze_navigator' build argument 'catkin_skip_building_tests' from command line to 'False'
[1.397s] DEBUG:colcon.colcon_core.verb:Building package 'maze_navigator' with the following arguments: {'ament_cmake_args': None, 'build_base': '/home/salma/ros2_sb/build/maze_navigator', 'catkin_cmake_args': None, 'catkin_skip_building_tests': False, 'cmake_args': None, 'cmake_clean_cache': False, 'cmake_clean_first': False, 'cmake_force_configure': False, 'cmake_target': None, 'cmake_target_skip_unavailable': False, 'install_base': '/home/salma/ros2_sb/install/maze_navigator', 'merge_install': False, 'path': '/home/salma/ros2_sb/src/maze_navigator', 'symlink_install': False, 'test_result_base': None}
[1.399s] Level 5:colcon.colcon_core.verb:set package 'self_balancing_bot' build argument 'cmake_args' from command line to 'None'
[1.399s] Level 5:colcon.colcon_core.verb:set package 'self_balancing_bot' build argument 'cmake_target' from command line to 'None'
[1.399s] Level 5:colcon.colcon_core.verb:set package 'self_balancing_bot' build argument 'cmake_target_skip_unavailable' from command line to 'False'
[1.399s] Level 5:colcon.colcon_core.verb:set package 'self_balancing_bot' build argument 'cmake_clean_cache' from command line to 'False'
[1.399s] Level 5:colcon.colcon_core.verb:set package 'self_balancing_bot' build argument 'cmake_clean_first' from command line to 'False'
[1.399s] Level 5:colcon.colcon_core.verb:set package 'self_balancing_bot' build argument 'cmake_force_configure' from command line to 'False'
[1.399s] Level 5:colcon.colcon_core.verb:set package 'self_balancing_bot' build argument 'ament_cmake_args' from command line to 'None'
[1.399s] Level 5:colcon.colcon_core.verb:set package 'self_balancing_bot' build argument 'catkin_cmake_args' from command line to 'None'
[1.400s] Level 5:colcon.colcon_core.verb:set package 'self_balancing_bot' build argument 'catkin_skip_building_tests' from command line to 'False'
[1.400s] DEBUG:colcon.colcon_core.verb:Building package 'self_balancing_bot' with the following arguments: {'ament_cmake_args': None, 'build_base': '/home/salma/ros2_sb/build/self_balancing_bot', 'catkin_cmake_args': None, 'catkin_skip_building_tests': False, 'cmake_args': None, 'cmake_clean_cache': False, 'cmake_clean_first': False, 'cmake_force_configure': False, 'cmake_target': None, 'cmake_target_skip_unavailable': False, 'install_base': '/home/salma/ros2_sb/install/self_balancing_bot', 'merge_install': False, 'path': '/home/salma/ros2_sb/src/self_balancing_bot', 'symlink_install': False, 'test_result_base': None}
[1.401s] Level 5:colcon.colcon_core.verb:set package 'tf_transformations' build argument 'cmake_args' from command line to 'None'
[1.401s] Level 5:colcon.colcon_core.verb:set package 'tf_transformations' build argument 'cmake_target' from command line to 'None'
[1.401s] Level 5:colcon.colcon_core.verb:set package 'tf_transformations' build argument 'cmake_target_skip_unavailable' from command line to 'False'
[1.401s] Level 5:colcon.colcon_core.verb:set package 'tf_transformations' build argument 'cmake_clean_cache' from command line to 'False'
[1.401s] Level 5:colcon.colcon_core.verb:set package 'tf_transformations' build argument 'cmake_clean_first' from command line to 'False'
[1.402s] Level 5:colcon.colcon_core.verb:set package 'tf_transformations' build argument 'cmake_force_configure' from command line to 'False'
[1.402s] Level 5:colcon.colcon_core.verb:set package 'tf_transformations' build argument 'ament_cmake_args' from command line to 'None'
[1.402s] Level 5:colcon.colcon_core.verb:set package 'tf_transformations' build argument 'catkin_cmake_args' from command line to 'None'
[1.402s] Level 5:colcon.colcon_core.verb:set package 'tf_transformations' build argument 'catkin_skip_building_tests' from command line to 'False'
[1.402s] DEBUG:colcon.colcon_core.verb:Building package 'tf_transformations' with the following arguments: {'ament_cmake_args': None, 'build_base': '/home/salma/ros2_sb/build/tf_transformations', 'catkin_cmake_args': None, 'catkin_skip_building_tests': False, 'cmake_args': None, 'cmake_clean_cache': False, 'cmake_clean_first': False, 'cmake_force_configure': False, 'cmake_target': None, 'cmake_target_skip_unavailable': False, 'install_base': '/home/salma/ros2_sb/install/tf_transformations', 'merge_install': False, 'path': '/home/salma/ros2_sb/src/tf_transformations', 'symlink_install': False, 'test_result_base': None}
[1.402s] INFO:colcon.colcon_core.executor:Executing jobs using 'parallel' executor
[1.406s] DEBUG:colcon.colcon_parallel_executor.executor.parallel:run_until_complete
[1.407s] INFO:colcon.colcon_ros.task.ament_python.build:Building ROS package in '/home/salma/ros2_sb/src/maze_navigator' with build type 'ament_python'
[1.408s] Level 1:colcon.colcon_core.shell:create_environment_hook('maze_navigator', 'ament_prefix_path')
[1.419s] INFO:colcon.colcon_core.plugin_system:Skipping extension 'colcon_core.shell.bat': Not used on non-Windows systems
[1.420s] INFO:colcon.colcon_core.shell:Creating environment hook '/home/salma/ros2_sb/install/maze_navigator/share/maze_navigator/hook/ament_prefix_path.ps1'
[1.422s] INFO:colcon.colcon_core.shell:Creating environment descriptor '/home/salma/ros2_sb/install/maze_navigator/share/maze_navigator/hook/ament_prefix_path.dsv'
[1.424s] INFO:colcon.colcon_core.shell:Creating environment hook '/home/salma/ros2_sb/install/maze_navigator/share/maze_navigator/hook/ament_prefix_path.sh'
[1.428s] INFO:colcon.colcon_core.shell:Skip shell extension 'powershell' for command environment: Not usable outside of PowerShell
[1.429s] DEBUG:colcon.colcon_core.shell:Skip shell extension 'dsv' for command environment
[1.449s] INFO:colcon.colcon_ros.task.ament_python.build:Building ROS package in '/home/salma/ros2_sb/src/self_balancing_bot' with build type 'ament_python'
[1.449s] Level 1:colcon.colcon_core.shell:create_environment_hook('self_balancing_bot', 'ament_prefix_path')
[1.450s] INFO:colcon.colcon_core.shell:Creating environment hook '/home/salma/ros2_sb/install/self_balancing_bot/share/self_balancing_bot/hook/ament_prefix_path.ps1'
[1.453s] INFO:colcon.colcon_core.shell:Creating environment descriptor '/home/salma/ros2_sb/install/self_balancing_bot/share/self_balancing_bot/hook/ament_prefix_path.dsv'
[1.455s] INFO:colcon.colcon_core.shell:Creating environment hook '/home/salma/ros2_sb/install/self_balancing_bot/share/self_balancing_bot/hook/ament_prefix_path.sh'
[1.458s] INFO:colcon.colcon_core.shell:Skip shell extension 'powershell' for command environment: Not usable outside of PowerShell
[1.458s] DEBUG:colcon.colcon_core.shell:Skip shell extension 'dsv' for command environment
[1.475s] INFO:colcon.colcon_ros.task.ament_python.build:Building ROS package in '/home/salma/ros2_sb/src/tf_transformations' with build type 'ament_python'
[1.475s] Level 1:colcon.colcon_core.shell:create_environment_hook('tf_transformations', 'ament_prefix_path')
[1.476s] INFO:colcon.colcon_core.shell:Creating environment hook '/home/salma/ros2_sb/install/tf_transformations/share/tf_transformations/hook/ament_prefix_path.ps1'
[1.478s] INFO:colcon.colcon_core.shell:Creating environment descriptor '/home/salma/ros2_sb/install/tf_transformations/share/tf_transformations/hook/ament_prefix_path.dsv'
[1.480s] INFO:colcon.colcon_core.shell:Creating environment hook '/home/salma/ros2_sb/install/tf_transformations/share/tf_transformations/hook/ament_prefix_path.sh'
[1.482s] INFO:colcon.colcon_core.shell:Skip shell extension 'powershell' for command environment: Not usable outside of PowerShell
[1.483s] DEBUG:colcon.colcon_core.shell:Skip shell extension 'dsv' for command environment
[2.764s] INFO:colcon.colcon_core.task.python.build:Building Python package in '/home/salma/ros2_sb/src/maze_navigator'
[2.765s] INFO:colcon.colcon_core.shell:Skip shell extension 'powershell' for command environment: Not usable outside of PowerShell
[2.765s] DEBUG:colcon.colcon_core.shell:Skip shell extension 'dsv' for command environment
[4.020s] INFO:colcon.colcon_core.task.python.build:Building Python package in '/home/salma/ros2_sb/src/self_balancing_bot'
[4.021s] INFO:colcon.colcon_core.shell:Skip shell extension 'powershell' for command environment: Not usable outside of PowerShell
[4.022s] DEBUG:colcon.colcon_core.shell:Skip shell extension 'dsv' for command environment
[5.475s] INFO:colcon.colcon_core.task.python.build:Building Python package in '/home/salma/ros2_sb/src/tf_transformations'
[5.475s] INFO:colcon.colcon_core.shell:Skip shell extension 'powershell' for command environment: Not usable outside of PowerShell
[5.476s] DEBUG:colcon.colcon_core.shell:Skip shell extension 'dsv' for command environment
[8.886s] DEBUG:colcon.colcon_core.event_handler.log_command:Invoking command in '/home/salma/ros2_sb/src/self_balancing_bot': DEBUGINFOD_URLS=https://debuginfod.ubuntu.com PYTHONPATH=/home/salma/ros2_sb/build/self_balancing_bot/prefix_override:/usr/lib/python3/dist-packages/colcon_core/task/python/colcon_distutils_commands:/home/salma/ros2_sb/install/self_balancing_bot/lib/python3.12/site-packages:${PYTHONPATH} /usr/bin/python3 -W ignore:setup.py install is deprecated -W ignore:easy_install command is deprecated setup.py egg_info --egg-base ../../build/self_balancing_bot build --build-base /home/salma/ros2_sb/build/self_balancing_bot/build install --record /home/salma/ros2_sb/build/self_balancing_bot/install.log --single-version-externally-managed install_data
[8.976s] DEBUG:colcon.colcon_core.event_handler.log_command:Invoking command in '/home/salma/ros2_sb/src/tf_transformations': DEBUGINFOD_URLS=https://debuginfod.ubuntu.com PYTHONPATH=/home/salma/ros2_sb/build/tf_transformations/prefix_override:/usr/lib/python3/dist-packages/colcon_core/task/python/colcon_distutils_commands:/home/salma/ros2_sb/install/tf_transformations/lib/python3.12/site-packages:${PYTHONPATH} /usr/bin/python3 -W ignore:setup.py install is deprecated -W ignore:easy_install command is deprecated setup.py egg_info --egg-base ../../build/tf_transformations build --build-base /home/salma/ros2_sb/build/tf_transformations/build install --record /home/salma/ros2_sb/build/tf_transformations/install.log --single-version-externally-managed install_data
[8.989s] DEBUG:colcon.colcon_core.event_handler.log_command:Invoking command in '/home/salma/ros2_sb/src/maze_navigator': DEBUGINFOD_URLS=https://debuginfod.ubuntu.com PYTHONPATH=/home/salma/ros2_sb/build/maze_navigator/prefix_override:/usr/lib/python3/dist-packages/colcon_core/task/python/colcon_distutils_commands:/home/salma/ros2_sb/install/maze_navigator/lib/python3.12/site-packages:${PYTHONPATH} /usr/bin/python3 -W ignore:setup.py install is deprecated -W ignore:easy_install command is deprecated setup.py egg_info --egg-base ../../build/maze_navigator build --build-base /home/salma/ros2_sb/build/maze_navigator/build install --record /home/salma/ros2_sb/build/maze_navigator/install.log --single-version-externally-managed install_data
[12.376s] DEBUG:colcon.colcon_core.event_handler.log_command:Invoked command in '/home/salma/ros2_sb/src/self_balancing_bot' returned '0': DEBUGINFOD_URLS=https://debuginfod.ubuntu.com PYTHONPATH=/home/salma/ros2_sb/build/self_balancing_bot/prefix_override:/usr/lib/python3/dist-packages/colcon_core/task/python/colcon_distutils_commands:/home/salma/ros2_sb/install/self_balancing_bot/lib/python3.12/site-packages:${PYTHONPATH} /usr/bin/python3 -W ignore:setup.py install is deprecated -W ignore:easy_install command is deprecated setup.py egg_info --egg-base ../../build/self_balancing_bot build --build-base /home/salma/ros2_sb/build/self_balancing_bot/build install --record /home/salma/ros2_sb/build/self_balancing_bot/install.log --single-version-externally-managed install_data
[12.392s] Level 1:colcon.colcon_core.environment:checking '/home/salma/ros2_sb/install/self_balancing_bot' for CMake module files
[12.396s] Level 1:colcon.colcon_core.environment:checking '/home/salma/ros2_sb/install/self_balancing_bot' for CMake config files
[12.401s] Level 1:colcon.colcon_core.environment:checking '/home/salma/ros2_sb/install/self_balancing_bot/lib'
[12.404s] Level 1:colcon.colcon_core.environment:checking '/home/salma/ros2_sb/install/self_balancing_bot/bin'
[12.405s] Level 1:colcon.colcon_core.environment:checking '/home/salma/ros2_sb/install/self_balancing_bot/lib/pkgconfig/self_balancing_bot.pc'
[12.407s] Level 1:colcon.colcon_core.environment:checking '/home/salma/ros2_sb/install/self_balancing_bot/lib/python3.12/site-packages'
[12.408s] Level 1:colcon.colcon_core.shell:create_environment_hook('self_balancing_bot', 'pythonpath')
[12.409s] INFO:colcon.colcon_core.shell:Creating environment hook '/home/salma/ros2_sb/install/self_balancing_bot/share/self_balancing_bot/hook/pythonpath.ps1'
[12.414s] INFO:colcon.colcon_core.shell:Creating environment descriptor '/home/salma/ros2_sb/install/self_balancing_bot/share/self_balancing_bot/hook/pythonpath.dsv'
[12.416s] INFO:colcon.colcon_core.shell:Creating environment hook '/home/salma/ros2_sb/install/self_balancing_bot/share/self_balancing_bot/hook/pythonpath.sh'
[12.419s] Level 1:colcon.colcon_core.environment:checking '/home/salma/ros2_sb/install/self_balancing_bot/bin'
[12.419s] Level 1:colcon.colcon_core.environment:create_environment_scripts_only(self_balancing_bot)
[12.421s] INFO:colcon.colcon_core.shell:Creating package script '/home/salma/ros2_sb/install/self_balancing_bot/share/self_balancing_bot/package.ps1'
[12.425s] INFO:colcon.colcon_core.shell:Creating package descriptor '/home/salma/ros2_sb/install/self_balancing_bot/share/self_balancing_bot/package.dsv'
[12.427s] INFO:colcon.colcon_core.shell:Creating package script '/home/salma/ros2_sb/install/self_balancing_bot/share/self_balancing_bot/package.sh'
[12.432s] INFO:colcon.colcon_core.shell:Creating package script '/home/salma/ros2_sb/install/self_balancing_bot/share/self_balancing_bot/package.bash'
[12.436s] INFO:colcon.colcon_core.shell:Creating package script '/home/salma/ros2_sb/install/self_balancing_bot/share/self_balancing_bot/package.zsh'
[12.438s] Level 1:colcon.colcon_core.environment:create_file_with_runtime_dependencies(/home/salma/ros2_sb/install/self_balancing_bot/share/colcon-core/packages/self_balancing_bot)
[12.471s] Level 1:colcon.colcon_core.environment:checking '/home/salma/ros2_sb/install/tf_transformations' for CMake module files
[12.472s] DEBUG:colcon.colcon_core.event_handler.log_command:Invoked command in '/home/salma/ros2_sb/src/tf_transformations' returned '0': DEBUGINFOD_URLS=https://debuginfod.ubuntu.com PYTHONPATH=/home/salma/ros2_sb/build/tf_transformations/prefix_override:/usr/lib/python3/dist-packages/colcon_core/task/python/colcon_distutils_commands:/home/salma/ros2_sb/install/tf_transformations/lib/python3.12/site-packages:${PYTHONPATH} /usr/bin/python3 -W ignore:setup.py install is deprecated -W ignore:easy_install command is deprecated setup.py egg_info --egg-base ../../build/tf_transformations build --build-base /home/salma/ros2_sb/build/tf_transformations/build install --record /home/salma/ros2_sb/build/tf_transformations/install.log --single-version-externally-managed install_data
[12.475s] Level 1:colcon.colcon_core.environment:checking '/home/salma/ros2_sb/install/tf_transformations' for CMake config files
[12.477s] Level 1:colcon.colcon_core.environment:checking '/home/salma/ros2_sb/install/tf_transformations/lib'
[12.478s] Level 1:colcon.colcon_core.environment:checking '/home/salma/ros2_sb/install/tf_transformations/bin'
[12.478s] Level 1:colcon.colcon_core.environment:checking '/home/salma/ros2_sb/install/tf_transformations/lib/pkgconfig/tf_transformations.pc'
[12.479s] Level 1:colcon.colcon_core.environment:checking '/home/salma/ros2_sb/install/tf_transformations/lib/python3.12/site-packages'
[12.480s] Level 1:colcon.colcon_core.shell:create_environment_hook('tf_transformations', 'pythonpath')
[12.481s] INFO:colcon.colcon_core.shell:Creating environment hook '/home/salma/ros2_sb/install/tf_transformations/share/tf_transformations/hook/pythonpath.ps1'
[12.483s] INFO:colcon.colcon_core.shell:Creating environment descriptor '/home/salma/ros2_sb/install/tf_transformations/share/tf_transformations/hook/pythonpath.dsv'
[12.485s] INFO:colcon.colcon_core.shell:Creating environment hook '/home/salma/ros2_sb/install/tf_transformations/share/tf_transformations/hook/pythonpath.sh'
[12.488s] Level 1:colcon.colcon_core.environment:checking '/home/salma/ros2_sb/install/tf_transformations/bin'
[12.488s] Level 1:colcon.colcon_core.environment:create_environment_scripts_only(tf_transformations)
[12.489s] INFO:colcon.colcon_core.shell:Creating package script '/home/salma/ros2_sb/install/tf_transformations/share/tf_transformations/package.ps1'
[12.491s] INFO:colcon.colcon_core.shell:Creating package descriptor '/home/salma/ros2_sb/install/tf_transformations/share/tf_transformations/package.dsv'
[12.493s] INFO:colcon.colcon_core.shell:Creating package script '/home/salma/ros2_sb/install/tf_transformations/share/tf_transformations/package.sh'
[12.496s] INFO:colcon.colcon_core.shell:Creating package script '/home/salma/ros2_sb/install/tf_transformations/share/tf_transformations/package.bash'
[12.498s] INFO:colcon.colcon_core.shell:Creating package script '/home/salma/ros2_sb/install/tf_transformations/share/tf_transformations/package.zsh'
[12.499s] Level 1:colcon.colcon_core.environment:create_file_with_runtime_dependencies(/home/salma/ros2_sb/install/tf_transformations/share/colcon-core/packages/tf_transformations)
[12.540s] Level 1:colcon.colcon_core.environment:checking '/home/salma/ros2_sb/install/maze_navigator' for CMake module files
[12.542s] DEBUG:colcon.colcon_core.event_handler.log_command:Invoked command in '/home/salma/ros2_sb/src/maze_navigator' returned '0': DEBUGINFOD_URLS=https://debuginfod.ubuntu.com PYTHONPATH=/home/salma/ros2_sb/build/maze_navigator/prefix_override:/usr/lib/python3/dist-packages/colcon_core/task/python/colcon_distutils_commands:/home/salma/ros2_sb/install/maze_navigator/lib/python3.12/site-packages:${PYTHONPATH} /usr/bin/python3 -W ignore:setup.py install is deprecated -W ignore:easy_install command is deprecated setup.py egg_info --egg-base ../../build/maze_navigator build --build-base /home/salma/ros2_sb/build/maze_navigator/build install --record /home/salma/ros2_sb/build/maze_navigator/install.log --single-version-externally-managed install_data
[12.543s] Level 1:colcon.colcon_core.environment:checking '/home/salma/ros2_sb/install/maze_navigator' for CMake config files
[12.546s] Level 1:colcon.colcon_core.environment:checking '/home/salma/ros2_sb/install/maze_navigator/lib'
[12.546s] Level 1:colcon.colcon_core.environment:checking '/home/salma/ros2_sb/install/maze_navigator/bin'
[12.547s] Level 1:colcon.colcon_core.environment:checking '/home/salma/ros2_sb/install/maze_navigator/lib/pkgconfig/maze_navigator.pc'
[12.548s] Level 1:colcon.colcon_core.environment:checking '/home/salma/ros2_sb/install/maze_navigator/lib/python3.12/site-packages'
[12.548s] Level 1:colcon.colcon_core.shell:create_environment_hook('maze_navigator', 'pythonpath')
[12.549s] INFO:colcon.colcon_core.shell:Creating environment hook '/home/salma/ros2_sb/install/maze_navigator/share/maze_navigator/hook/pythonpath.ps1'
[12.550s] INFO:colcon.colcon_core.shell:Creating environment descriptor '/home/salma/ros2_sb/install/maze_navigator/share/maze_navigator/hook/pythonpath.dsv'
[12.552s] INFO:colcon.colcon_core.shell:Creating environment hook '/home/salma/ros2_sb/install/maze_navigator/share/maze_navigator/hook/pythonpath.sh'
[12.554s] Level 1:colcon.colcon_core.environment:checking '/home/salma/ros2_sb/install/maze_navigator/bin'
[12.554s] Level 1:colcon.colcon_core.environment:create_environment_scripts_only(maze_navigator)
[12.555s] INFO:colcon.colcon_core.shell:Creating package script '/home/salma/ros2_sb/install/maze_navigator/share/maze_navigator/package.ps1'
[12.557s] INFO:colcon.colcon_core.shell:Creating package descriptor '/home/salma/ros2_sb/install/maze_navigator/share/maze_navigator/package.dsv'
[12.559s] INFO:colcon.colcon_core.shell:Creating package script '/home/salma/ros2_sb/install/maze_navigator/share/maze_navigator/package.sh'
[12.561s] INFO:colcon.colcon_core.shell:Creating package script '/home/salma/ros2_sb/install/maze_navigator/share/maze_navigator/package.bash'
[12.562s] INFO:colcon.colcon_core.shell:Creating package script '/home/salma/ros2_sb/install/maze_navigator/share/maze_navigator/package.zsh'
[12.564s] Level 1:colcon.colcon_core.environment:create_file_with_runtime_dependencies(/home/salma/ros2_sb/install/maze_navigator/share/colcon-core/packages/maze_navigator)
[12.564s] DEBUG:colcon.colcon_parallel_executor.executor.parallel:closing loop
[12.566s] DEBUG:colcon.colcon_parallel_executor.executor.parallel:loop closed
[12.566s] DEBUG:colcon.colcon_parallel_executor.executor.parallel:run_until_complete finished with '0'
[12.566s] DEBUG:colcon.colcon_core.event_reactor:joining thread
[12.588s] INFO:colcon.colcon_core.plugin_system:Skipping extension 'colcon_notification.desktop_notification.terminal_notifier': Not used on non-Darwin systems
[12.588s] INFO:colcon.colcon_core.plugin_system:Skipping extension 'colcon_notification.desktop_notification.win32': Not used on non-Windows systems
[12.589s] INFO:colcon.colcon_notification.desktop_notification:Sending desktop notification using 'notify2'
[12.650s] DEBUG:colcon.colcon_core.event_reactor:joined thread
[12.651s] INFO:colcon.colcon_core.shell:Creating prefix script '/home/salma/ros2_sb/install/local_setup.ps1'
[12.654s] INFO:colcon.colcon_core.shell:Creating prefix util module '/home/salma/ros2_sb/install/_local_setup_util_ps1.py'
[12.660s] INFO:colcon.colcon_core.shell:Creating prefix chain script '/home/salma/ros2_sb/install/setup.ps1'
[12.664s] INFO:colcon.colcon_core.shell:Creating prefix script '/home/salma/ros2_sb/install/local_setup.sh'
[12.666s] INFO:colcon.colcon_core.shell:Creating prefix util module '/home/salma/ros2_sb/install/_local_setup_util_sh.py'
[12.668s] INFO:colcon.colcon_core.shell:Creating prefix chain script '/home/salma/ros2_sb/install/setup.sh'
[12.673s] INFO:colcon.colcon_core.shell:Creating prefix script '/home/salma/ros2_sb/install/local_setup.bash'
[12.676s] INFO:colcon.colcon_core.shell:Creating prefix chain script '/home/salma/ros2_sb/install/setup.bash'
[12.683s] INFO:colcon.colcon_core.shell:Creating prefix script '/home/salma/ros2_sb/install/local_setup.zsh'
[12.685s] INFO:colcon.colcon_core.shell:Creating prefix chain script '/home/salma/ros2_sb/install/setup.zsh'
