running egg_info
creating ../../build/self_balancing_bot/self_balancing_bot.egg-info
writing ../../build/self_balancing_bot/self_balancing_bot.egg-info/PKG-INFO
writing dependency_links to ../../build/self_balancing_bot/self_balancing_bot.egg-info/dependency_links.txt
writing entry points to ../../build/self_balancing_bot/self_balancing_bot.egg-info/entry_points.txt
writing requirements to ../../build/self_balancing_bot/self_balancing_bot.egg-info/requires.txt
writing top-level names to ../../build/self_balancing_bot/self_balancing_bot.egg-info/top_level.txt
writing manifest file '../../build/self_balancing_bot/self_balancing_bot.egg-info/SOURCES.txt'
reading manifest file '../../build/self_balancing_bot/self_balancing_bot.egg-info/SOURCES.txt'
adding license file 'LICENSE'
writing manifest file '../../build/self_balancing_bot/self_balancing_bot.egg-info/SOURCES.txt'
running build
running build_py
creating /home/salma/ros2_sb/build/self_balancing_bot/build
creating /home/salma/ros2_sb/build/self_balancing_bot/build/lib
creating /home/salma/ros2_sb/build/self_balancing_bot/build/lib/self_balancing_bot
copying self_balancing_bot/balance_controller.py -> /home/salma/ros2_sb/build/self_balancing_bot/build/lib/self_balancing_bot
copying self_balancing_bot/__init__.py -> /home/salma/ros2_sb/build/self_balancing_bot/build/lib/self_balancing_bot
running install
running install_lib
creating /home/salma/ros2_sb/install/self_balancing_bot/lib/python3.12/site-packages/self_balancing_bot
copying /home/salma/ros2_sb/build/self_balancing_bot/build/lib/self_balancing_bot/balance_controller.py -> /home/salma/ros2_sb/install/self_balancing_bot/lib/python3.12/site-packages/self_balancing_bot
copying /home/salma/ros2_sb/build/self_balancing_bot/build/lib/self_balancing_bot/__init__.py -> /home/salma/ros2_sb/install/self_balancing_bot/lib/python3.12/site-packages/self_balancing_bot
byte-compiling /home/salma/ros2_sb/install/self_balancing_bot/lib/python3.12/site-packages/self_balancing_bot/balance_controller.py to balance_controller.cpython-312.pyc
byte-compiling /home/salma/ros2_sb/install/self_balancing_bot/lib/python3.12/site-packages/self_balancing_bot/__init__.py to __init__.cpython-312.pyc
running install_data
creating /home/salma/ros2_sb/install/self_balancing_bot/share/ament_index
creating /home/salma/ros2_sb/install/self_balancing_bot/share/ament_index/resource_index
creating /home/salma/ros2_sb/install/self_balancing_bot/share/ament_index/resource_index/packages
copying resource/self_balancing_bot -> /home/salma/ros2_sb/install/self_balancing_bot/share/ament_index/resource_index/packages
copying package.xml -> /home/salma/ros2_sb/install/self_balancing_bot/share/self_balancing_bot
creating /home/salma/ros2_sb/install/self_balancing_bot/share/self_balancing_bot/launch
copying launch/gazebo_bridge.launch.py -> /home/salma/ros2_sb/install/self_balancing_bot/share/self_balancing_bot/launch
creating /home/salma/ros2_sb/install/self_balancing_bot/share/self_balancing_bot/worlds
copying worlds/world.sdf -> /home/salma/ros2_sb/install/self_balancing_bot/share/self_balancing_bot/worlds
creating /home/salma/ros2_sb/install/self_balancing_bot/share/self_balancing_bot/urdf
copying urdf/self_balancing_bot.sdf -> /home/salma/ros2_sb/install/self_balancing_bot/share/self_balancing_bot/urdf
running install_egg_info
Copying ../../build/self_balancing_bot/self_balancing_bot.egg-info to /home/salma/ros2_sb/install/self_balancing_bot/lib/python3.12/site-packages/self_balancing_bot-0.0.0-py3.12.egg-info
running install_scripts
Installing balance_controller script to /home/salma/ros2_sb/install/self_balancing_bot/lib/self_balancing_bot
writing list of installed files to '/home/salma/ros2_sb/build/self_balancing_bot/install.log'
