[2.405s] Invoking command in '/home/salma/ros2_sb/src/maze_navigator': DEBUGINFOD_URLS=https://debuginfod.ubuntu.com PYTHONPATH=/home/salma/ros2_sb/build/maze_navigator/prefix_override:/usr/lib/python3/dist-packages/colcon_core/task/python/colcon_distutils_commands:/home/salma/ros2_sb/install/maze_navigator/lib/python3.12/site-packages:${PYTHONPATH} /usr/bin/python3 -W ignore:setup.py install is deprecated -W ignore:easy_install command is deprecated setup.py egg_info --egg-base ../../build/maze_navigator build --build-base /home/salma/ros2_sb/build/maze_navigator/build install --record /home/salma/ros2_sb/build/maze_navigator/install.log --single-version-externally-managed install_data
[2.943s] running egg_info
[2.984s] writing ../../build/maze_navigator/maze_navigator.egg-info/PKG-INFO
[2.985s] writing dependency_links to ../../build/maze_navigator/maze_navigator.egg-info/dependency_links.txt
[2.985s] writing entry points to ../../build/maze_navigator/maze_navigator.egg-info/entry_points.txt
[2.985s] writing requirements to ../../build/maze_navigator/maze_navigator.egg-info/requires.txt
[2.986s] writing top-level names to ../../build/maze_navigator/maze_navigator.egg-info/top_level.txt
[3.069s] reading manifest file '../../build/maze_navigator/maze_navigator.egg-info/SOURCES.txt'
[3.070s] writing manifest file '../../build/maze_navigator/maze_navigator.egg-info/SOURCES.txt'
[3.070s] running build
[3.071s] running build_py
[3.071s] copying maze_navigator/occupancy_grid_node.py -> /home/salma/ros2_sb/build/maze_navigator/build/lib/maze_navigator
[3.072s] running install
[3.082s] running install_lib
[3.126s] copying /home/salma/ros2_sb/build/maze_navigator/build/lib/maze_navigator/occupancy_grid_node.py -> /home/salma/ros2_sb/install/maze_navigator/lib/python3.12/site-packages/maze_navigator
[3.127s] byte-compiling /home/salma/ros2_sb/install/maze_navigator/lib/python3.12/site-packages/maze_navigator/occupancy_grid_node.py to occupancy_grid_node.cpython-312.pyc
[3.129s] running install_data
[3.130s] running install_egg_info
[3.191s] removing '/home/salma/ros2_sb/install/maze_navigator/lib/python3.12/site-packages/maze_navigator-0.0.0-py3.12.egg-info' (and everything under it)
[3.191s] Copying ../../build/maze_navigator/maze_navigator.egg-info to /home/salma/ros2_sb/install/maze_navigator/lib/python3.12/site-packages/maze_navigator-0.0.0-py3.12.egg-info
[3.193s] running install_scripts
[3.472s] Installing astar_planner_node script to /home/salma/ros2_sb/install/maze_navigator/lib/maze_navigator
[3.472s] Installing occupancy_grid_node script to /home/salma/ros2_sb/install/maze_navigator/lib/maze_navigator
[3.472s] Installing path_follower_node script to /home/salma/ros2_sb/install/maze_navigator/lib/maze_navigator
[3.473s] writing list of installed files to '/home/salma/ros2_sb/build/maze_navigator/install.log'
[3.524s] Invoked command in '/home/salma/ros2_sb/src/maze_navigator' returned '0': DEBUGINFOD_URLS=https://debuginfod.ubuntu.com PYTHONPATH=/home/salma/ros2_sb/build/maze_navigator/prefix_override:/usr/lib/python3/dist-packages/colcon_core/task/python/colcon_distutils_commands:/home/salma/ros2_sb/install/maze_navigator/lib/python3.12/site-packages:${PYTHONPATH} /usr/bin/python3 -W ignore:setup.py install is deprecated -W ignore:easy_install command is deprecated setup.py egg_info --egg-base ../../build/maze_navigator build --build-base /home/salma/ros2_sb/build/maze_navigator/build install --record /home/salma/ros2_sb/build/maze_navigator/install.log --single-version-externally-managed install_data
