[8.712s] Invoking command in '/home/salma/ros2_sb/src/maze_navigator': DEBUGINFOD_URLS=https://debuginfod.ubuntu.com PYTHONPATH=/home/salma/ros2_sb/build/maze_navigator/prefix_override:/usr/lib/python3/dist-packages/colcon_core/task/python/colcon_distutils_commands:/home/salma/ros2_sb/install/maze_navigator/lib/python3.12/site-packages:${PYTHONPATH} /usr/bin/python3 -W ignore:setup.py install is deprecated -W ignore:easy_install command is deprecated setup.py egg_info --egg-base ../../build/maze_navigator build --build-base /home/salma/ros2_sb/build/maze_navigator/build install --record /home/salma/ros2_sb/build/maze_navigator/install.log --single-version-externally-managed install_data
[10.703s] running egg_info
[10.825s] writing ../../build/maze_navigator/maze_navigator.egg-info/PKG-INFO
[10.826s] writing dependency_links to ../../build/maze_navigator/maze_navigator.egg-info/dependency_links.txt
[10.827s] writing entry points to ../../build/maze_navigator/maze_navigator.egg-info/entry_points.txt
[10.828s] writing requirements to ../../build/maze_navigator/maze_navigator.egg-info/requires.txt
[10.829s] writing top-level names to ../../build/maze_navigator/maze_navigator.egg-info/top_level.txt
[11.074s] reading manifest file '../../build/maze_navigator/maze_navigator.egg-info/SOURCES.txt'
[11.078s] writing manifest file '../../build/maze_navigator/maze_navigator.egg-info/SOURCES.txt'
[11.079s] running build
[11.079s] running build_py
[11.080s] running install
[11.111s] running install_lib
[11.250s] running install_data
[11.250s] running install_egg_info
[11.384s] removing '/home/salma/ros2_sb/install/maze_navigator/lib/python3.12/site-packages/maze_navigator-0.0.0-py3.12.egg-info' (and everything under it)
[11.385s] Copying ../../build/maze_navigator/maze_navigator.egg-info to /home/salma/ros2_sb/install/maze_navigator/lib/python3.12/site-packages/maze_navigator-0.0.0-py3.12.egg-info
[11.389s] running install_scripts
[12.164s] Installing astar_planner_node script to /home/salma/ros2_sb/install/maze_navigator/lib/maze_navigator
[12.165s] Installing occupancy_grid_node script to /home/salma/ros2_sb/install/maze_navigator/lib/maze_navigator
[12.167s] Installing path_follower_node script to /home/salma/ros2_sb/install/maze_navigator/lib/maze_navigator
[12.171s] writing list of installed files to '/home/salma/ros2_sb/build/maze_navigator/install.log'
[12.305s] Invoked command in '/home/salma/ros2_sb/src/maze_navigator' returned '0': DEBUGINFOD_URLS=https://debuginfod.ubuntu.com PYTHONPATH=/home/salma/ros2_sb/build/maze_navigator/prefix_override:/usr/lib/python3/dist-packages/colcon_core/task/python/colcon_distutils_commands:/home/salma/ros2_sb/install/maze_navigator/lib/python3.12/site-packages:${PYTHONPATH} /usr/bin/python3 -W ignore:setup.py install is deprecated -W ignore:easy_install command is deprecated setup.py egg_info --egg-base ../../build/maze_navigator build --build-base /home/salma/ros2_sb/build/maze_navigator/build install --record /home/salma/ros2_sb/build/maze_navigator/install.log --single-version-externally-managed install_data
