[7.323s] Invoking command in '/home/salma/ros2_sb/src/maze_navigator': DEBUGINFOD_URLS=https://debuginfod.ubuntu.com PYTHONPATH=/home/salma/ros2_sb/build/maze_navigator/prefix_override:/usr/lib/python3/dist-packages/colcon_core/task/python/colcon_distutils_commands:/home/salma/ros2_sb/install/maze_navigator/lib/python3.12/site-packages:${PYTHONPATH} /usr/bin/python3 -W ignore:setup.py install is deprecated -W ignore:easy_install command is deprecated setup.py egg_info --egg-base ../../build/maze_navigator build --build-base /home/salma/ros2_sb/build/maze_navigator/build install --record /home/salma/ros2_sb/build/maze_navigator/install.log --single-version-externally-managed install_data
[9.201s] running egg_info
[9.202s] creating ../../build/maze_navigator/maze_navigator.egg-info
[9.359s] writing ../../build/maze_navigator/maze_navigator.egg-info/PKG-INFO
[9.360s] writing dependency_links to ../../build/maze_navigator/maze_navigator.egg-info/dependency_links.txt
[9.361s] writing entry points to ../../build/maze_navigator/maze_navigator.egg-info/entry_points.txt
[9.362s] writing requirements to ../../build/maze_navigator/maze_navigator.egg-info/requires.txt
[9.363s] writing top-level names to ../../build/maze_navigator/maze_navigator.egg-info/top_level.txt
[9.364s] writing manifest file '../../build/maze_navigator/maze_navigator.egg-info/SOURCES.txt'
[9.682s] reading manifest file '../../build/maze_navigator/maze_navigator.egg-info/SOURCES.txt'
[9.688s] writing manifest file '../../build/maze_navigator/maze_navigator.egg-info/SOURCES.txt'
[9.689s] running build
[9.692s] running build_py
[9.692s] creating /home/salma/ros2_sb/build/maze_navigator/build
[9.693s] creating /home/salma/ros2_sb/build/maze_navigator/build/lib
[9.694s] creating /home/salma/ros2_sb/build/maze_navigator/build/lib/maze_navigator
[9.696s] copying maze_navigator/occupancy_grid_node.py -> /home/salma/ros2_sb/build/maze_navigator/build/lib/maze_navigator
[9.697s] copying maze_navigator/path_follower_node.py -> /home/salma/ros2_sb/build/maze_navigator/build/lib/maze_navigator
[9.697s] copying maze_navigator/__init__.py -> /home/salma/ros2_sb/build/maze_navigator/build/lib/maze_navigator
[9.698s] copying maze_navigator/astar_planner_node.py -> /home/salma/ros2_sb/build/maze_navigator/build/lib/maze_navigator
[9.698s] running install
[9.753s] running install_lib
[9.954s] creating /home/salma/ros2_sb/install/maze_navigator/lib/python3.12/site-packages/maze_navigator
[9.955s] copying /home/salma/ros2_sb/build/maze_navigator/build/lib/maze_navigator/occupancy_grid_node.py -> /home/salma/ros2_sb/install/maze_navigator/lib/python3.12/site-packages/maze_navigator
[9.956s] copying /home/salma/ros2_sb/build/maze_navigator/build/lib/maze_navigator/path_follower_node.py -> /home/salma/ros2_sb/install/maze_navigator/lib/python3.12/site-packages/maze_navigator
[9.957s] copying /home/salma/ros2_sb/build/maze_navigator/build/lib/maze_navigator/__init__.py -> /home/salma/ros2_sb/install/maze_navigator/lib/python3.12/site-packages/maze_navigator
[9.960s] copying /home/salma/ros2_sb/build/maze_navigator/build/lib/maze_navigator/astar_planner_node.py -> /home/salma/ros2_sb/install/maze_navigator/lib/python3.12/site-packages/maze_navigator
[9.961s] byte-compiling /home/salma/ros2_sb/install/maze_navigator/lib/python3.12/site-packages/maze_navigator/occupancy_grid_node.py to occupancy_grid_node.cpython-312.pyc
[9.968s] byte-compiling /home/salma/ros2_sb/install/maze_navigator/lib/python3.12/site-packages/maze_navigator/path_follower_node.py to path_follower_node.cpython-312.pyc
[9.973s] byte-compiling /home/salma/ros2_sb/install/maze_navigator/lib/python3.12/site-packages/maze_navigator/__init__.py to __init__.cpython-312.pyc
[9.974s] byte-compiling /home/salma/ros2_sb/install/maze_navigator/lib/python3.12/site-packages/maze_navigator/astar_planner_node.py to astar_planner_node.cpython-312.pyc
[9.983s] running install_data
[9.984s] creating /home/salma/ros2_sb/install/maze_navigator/share/ament_index
[9.986s] creating /home/salma/ros2_sb/install/maze_navigator/share/ament_index/resource_index
[9.987s] creating /home/salma/ros2_sb/install/maze_navigator/share/ament_index/resource_index/packages
[9.988s] copying resource/maze_navigator -> /home/salma/ros2_sb/install/maze_navigator/share/ament_index/resource_index/packages
[9.989s] copying package.xml -> /home/salma/ros2_sb/install/maze_navigator/share/maze_navigator
[9.990s] running install_egg_info
[10.172s] Copying ../../build/maze_navigator/maze_navigator.egg-info to /home/salma/ros2_sb/install/maze_navigator/lib/python3.12/site-packages/maze_navigator-0.0.0-py3.12.egg-info
[10.178s] running install_scripts
[11.028s] Installing astar_planner_node script to /home/salma/ros2_sb/install/maze_navigator/lib/maze_navigator
[11.029s] Installing occupancy_grid_node script to /home/salma/ros2_sb/install/maze_navigator/lib/maze_navigator
[11.032s] Installing path_follower_node script to /home/salma/ros2_sb/install/maze_navigator/lib/maze_navigator
[11.035s] writing list of installed files to '/home/salma/ros2_sb/build/maze_navigator/install.log'
[11.160s] Invoked command in '/home/salma/ros2_sb/src/maze_navigator' returned '0': DEBUGINFOD_URLS=https://debuginfod.ubuntu.com PYTHONPATH=/home/salma/ros2_sb/build/maze_navigator/prefix_override:/usr/lib/python3/dist-packages/colcon_core/task/python/colcon_distutils_commands:/home/salma/ros2_sb/install/maze_navigator/lib/python3.12/site-packages:${PYTHONPATH} /usr/bin/python3 -W ignore:setup.py install is deprecated -W ignore:easy_install command is deprecated setup.py egg_info --egg-base ../../build/maze_navigator build --build-base /home/salma/ros2_sb/build/maze_navigator/build install --record /home/salma/ros2_sb/build/maze_navigator/install.log --single-version-externally-managed install_data
